<?xml version="1.0" encoding="UTF-8"?>
<testsuite xmlns:xsi="http://www.w3.org/2001/XMLSchema-instance" xsi:noNamespaceSchemaLocation="https://maven.apache.org/surefire/maven-surefire-plugin/xsd/surefire-test-report-3.0.xsd" version="3.0" name="pe.edu.upc.mind.care.platform.MindCarePlatformApplicationTests" time="4.649" tests="1" errors="1" skipped="0" failures="0">
  <properties>
[...]
</properties>
  <testcase name="contextLoads" classname="pe.edu.upc.mind.care.platform.MindCarePlatformApplicationTests" time="0.009">
    <error message="Failed to load ApplicationContext for [WebMergedContextConfiguration@16a78700 testClass = pe.edu.upc.mind.care.platform.MindCarePlatformApplicationTests, locations = [], classes = [pe.edu.upc.mind.care.platform.MindCarePlatformApplication], contextInitializerClasses = [], activeProfiles = [], propertySourceDescriptors = [], propertySourceProperties = [&quot;org.springframework.boot.test.context.SpringBootTestContextBootstrapper=true&quot;], contextCustomizers = [org.springframework.boot.test.context.filter.ExcludeFilterContextCustomizer@3b35a229, org.springframework.boot.test.json.DuplicateJsonObjectContextCustomizerFactory$DuplicateJsonObjectContextCustomizer@7dc3712, org.springframework.boot.test.mock.mockito.MockitoContextCustomizer@0, org.springframework.boot.test.web.client.TestRestTemplateContextCustomizer@10289886, org.springframework.boot.test.autoconfigure.actuate.observability.ObservabilityContextCustomizerFactory$DisableObservabilityContextCustomizer@1f, org.springframework.boot.test.autoconfigure.properties.PropertyMappingContextCustomizer@0, org.springframework.boot.test.autoconfigure.web.servlet.WebDriverContextCustomizer@79defdc, org.springframework.boot.test.context.SpringBootTestAnnotation@f9baaf3], resourceBasePath = &quot;src/main/webapp&quot;, contextLoader = org.springframework.boot.test.context.SpringBootContextLoader, parent = null]" type="java.lang.IllegalStateException"><![CDATA[java.lang.IllegalStateException: Failed to load ApplicationContext for [WebMergedContextConfiguration@16a78700 testClass = pe.edu.upc.mind.care.platform.MindCarePlatformApplicationTests, locations = [], classes = [pe.edu.upc.mind.care.platform.MindCarePlatformApplication], contextInitializerClasses = [], activeProfiles = [], propertySourceDescriptors = [], propertySourceProperties = ["org.springframework.boot.test.context.SpringBootTestContextBootstrapper=true"], contextCustomizers = [org.springframework.boot.test.context.filter.ExcludeFilterContextCustomizer@3b35a229, org.springframework.boot.test.json.DuplicateJsonObjectContextCustomizerFactory$DuplicateJsonObjectContextCustomizer@7dc3712, org.springframework.boot.test.mock.mockito.MockitoContextCustomizer@0, org.springframework.boot.test.web.client.TestRestTemplateContextCustomizer@10289886, org.springframework.boot.test.autoconfigure.actuate.observability.ObservabilityContextCustomizerFactory$DisableObservabilityContextCustomizer@1f, org.springframework.boot.test.autoconfigure.properties.PropertyMappingContextCustomizer@0, org.springframework.boot.test.autoconfigure.web.servlet.WebDriverContextCustomizer@79defdc, org.springframework.boot.test.context.SpringBootTestAnnotation@f9baaf3], resourceBasePath = "src/main/webapp", contextLoader = org.springframework.boot.test.context.SpringBootContextLoader, parent = null]
	at org.springframework.test.context.cache.DefaultCacheAwareContextLoaderDelegate.loadContext(DefaultCacheAwareContextLoaderDelegate.java:180)
	at org.springframework.test.context.support.DefaultTestContext.getApplicationContext(DefaultTestContext.java:130)
	at org.springframework.test.context.web.ServletTestExecutionListener.setUpRequestContextIfNecessary(ServletTestExecutionListener.java:191)
	at org.springframework.test.context.web.ServletTestExecutionListener.prepareTestInstance(ServletTestExecutionListener.java:130)
	at org.springframework.test.context.TestContextManager.prepareTestInstance(TestContextManager.java:260)
	at org.springframework.test.context.junit.jupiter.SpringExtension.postProcessTestInstance(SpringExtension.java:163)
	at java.base/java.util.stream.ReferencePipeline$3$1.accept(ReferencePipeline.java:197)
	at java.base/java.util.stream.ReferencePipeline$2$1.accept(ReferencePipeline.java:179)
	at java.base/java.util.ArrayList$ArrayListSpliterator.forEachRemaining(ArrayList.java:1708)
	at java.base/java.util.stream.AbstractPipeline.copyInto(AbstractPipeline.java:509)
	at java.base/java.util.stream.AbstractPipeline.wrapAndCopyInto(AbstractPipeline.java:499)
	at java.base/java.util.stream.StreamSpliterators$WrappingSpliterator.forEachRemaining(StreamSpliterators.java:310)
	at java.base/java.util.stream.Streams$ConcatSpliterator.forEachRemaining(Streams.java:735)
	at java.base/java.util.stream.Streams$ConcatSpliterator.forEachRemaining(Streams.java:734)
	at java.base/java.util.stream.ReferencePipeline$Head.forEach(ReferencePipeline.java:762)
	at java.base/java.util.Optional.orElseGet(Optional.java:364)
	at java.base/java.util.ArrayList.forEach(ArrayList.java:1596)
	at java.base/java.util.ArrayList.forEach(ArrayList.java:1596)
Caused by: org.springframework.beans.factory.UnsatisfiedDependencyException: Error creating bean with name 'userCommandServiceImpl' defined in file [C:\Users\sebas\OneDrive\Escritorio\Sebas\UPC\Desarrollo de Aplicaciones Open Source\mindcare-backend\target\classes\pe\edu\upc\mind\care\platform\iam\application\internal\commandservices\UserCommandServiceImpl.class]: Unsatisfied dependency expressed through constructor parameter 2: Error creating bean with name 'tokenServiceImpl': Injection of autowired dependencies failed
	at org.springframework.beans.factory.support.ConstructorResolver.createArgumentArray(ConstructorResolver.java:795)
	at org.springframework.beans.factory.support.ConstructorResolver.autowireConstructor(ConstructorResolver.java:237)
	at org.springframework.beans.factory.support.AbstractAutowireCapableBeanFactory.autowireConstructor(AbstractAutowireCapableBeanFactory.java:1357)
	at org.springframework.beans.factory.support.AbstractAutowireCapableBeanFactory.createBeanInstance(AbstractAutowireCapableBeanFactory.java:1194)
	at org.springframework.beans.factory.support.AbstractAutowireCapableBeanFactory.doCreateBean(AbstractAutowireCapableBeanFactory.java:562)
	at org.springframework.beans.factory.support.AbstractAutowireCapableBeanFactory.createBean(AbstractAutowireCapableBeanFactory.java:522)
	at org.springframework.beans.factory.support.AbstractBeanFactory.lambda$doGetBean$0(AbstractBeanFactory.java:337)
	at org.springframework.beans.factory.support.DefaultSingletonBeanRegistry.getSingleton(DefaultSingletonBeanRegistry.java:234)
	at org.springframework.beans.factory.support.AbstractBeanFactory.doGetBean(AbstractBeanFactory.java:335)
	at org.springframework.beans.factory.support.AbstractBeanFactory.getBean(AbstractBeanFactory.java:200)
	at org.springframework.beans.factory.support.DefaultListableBeanFactory.preInstantiateSingletons(DefaultListableBeanFactory.java:975)
	at org.springframework.context.support.AbstractApplicationContext.finishBeanFactoryInitialization(AbstractApplicationContext.java:962)
	at org.springframework.context.support.AbstractApplicationContext.refresh(AbstractApplicationContext.java:624)
	at org.springframework.boot.SpringApplication.refresh(SpringApplication.java:754)
	at org.springframework.boot.SpringApplication.refreshContext(SpringApplication.java:456)
	at org.springframework.boot.SpringApplication.run(SpringApplication.java:335)
	at org.springframework.boot.test.context.SpringBootContextLoader.lambda$loadContext$3(SpringBootContextLoader.java:137)
	at org.springframework.util.function.ThrowingSupplier.get(ThrowingSupplier.java:58)
	at org.springframework.util.function.ThrowingSupplier.get(ThrowingSupplier.java:46)
	at org.springframework.boot.SpringApplication.withHook(SpringApplication.java:1463)
	at org.springframework.boot.test.context.SpringBootContextLoader$ContextLoaderHook.run(SpringBootContextLoader.java:553)
	at org.springframework.boot.test.context.SpringBootContextLoader.loadContext(SpringBootContextLoader.java:137)
	at org.springframework.boot.test.context.SpringBootContextLoader.loadContext(SpringBootContextLoader.java:108)
	at org.springframework.test.context.cache.DefaultCacheAwareContextLoaderDelegate.loadContextInternal(DefaultCacheAwareContextLoaderDelegate.java:225)
	at org.springframework.test.context.cache.DefaultCacheAwareContextLoaderDelegate.loadContext(DefaultCacheAwareContextLoaderDelegate.java:152)
	... 17 more
Caused by: org.springframework.beans.factory.BeanCreationException: Error creating bean with name 'tokenServiceImpl': Injection of autowired dependencies failed
	at org.springframework.beans.factory.annotation.AutowiredAnnotationBeanPostProcessor.postProcessProperties(AutowiredAnnotationBeanPostProcessor.java:514)
	at org.springframework.beans.factory.support.AbstractAutowireCapableBeanFactory.populateBean(AbstractAutowireCapableBeanFactory.java:1421)
	at org.springframework.beans.factory.support.AbstractAutowireCapableBeanFactory.doCreateBean(AbstractAutowireCapableBeanFactory.java:599)
	at org.springframework.beans.factory.support.AbstractAutowireCapableBeanFactory.createBean(AbstractAutowireCapableBeanFactory.java:522)
	at org.springframework.beans.factory.support.AbstractBeanFactory.lambda$doGetBean$0(AbstractBeanFactory.java:337)
	at org.springframework.beans.factory.support.DefaultSingletonBeanRegistry.getSingleton(DefaultSingletonBeanRegistry.java:234)
	at org.springframework.beans.factory.support.AbstractBeanFactory.doGetBean(AbstractBeanFactory.java:335)
	at org.springframework.beans.factory.support.AbstractBeanFactory.getBean(AbstractBeanFactory.java:200)
	at org.springframework.beans.factory.config.DependencyDescriptor.resolveCandidate(DependencyDescriptor.java:254)
	at org.springframework.beans.factory.support.DefaultListableBeanFactory.doResolveDependency(DefaultListableBeanFactory.java:1443)
	at org.springframework.beans.factory.support.DefaultListableBeanFactory.resolveDependency(DefaultListableBeanFactory.java:1353)
	at org.springframework.beans.factory.support.ConstructorResolver.resolveAutowiredArgument(ConstructorResolver.java:904)
	at org.springframework.beans.factory.support.ConstructorResolver.createArgumentArray(ConstructorResolver.java:782)
	... 41 more
Caused by: java.lang.IllegalArgumentException: Could not resolve placeholder 'authorization.jwt.secret' in value "${authorization.jwt.secret}"
	at org.springframework.util.PropertyPlaceholderHelper.parseStringValue(PropertyPlaceholderHelper.java:180)
	at org.springframework.util.PropertyPlaceholderHelper.replacePlaceholders(PropertyPlaceholderHelper.java:126)
	at org.springframework.core.env.AbstractPropertyResolver.doResolvePlaceholders(AbstractPropertyResolver.java:239)
	at org.springframework.core.env.AbstractPropertyResolver.resolveRequiredPlaceholders(AbstractPropertyResolver.java:210)
	at org.springframework.context.support.PropertySourcesPlaceholderConfigurer.lambda$processProperties$0(PropertySourcesPlaceholderConfigurer.java:200)
	at org.springframework.beans.factory.support.AbstractBeanFactory.resolveEmbeddedValue(AbstractBeanFactory.java:964)
	at org.springframework.beans.factory.support.DefaultListableBeanFactory.doResolveDependency(DefaultListableBeanFactory.java:1374)
	at org.springframework.beans.factory.support.DefaultListableBeanFactory.resolveDependency(DefaultListableBeanFactory.java:1353)
	at org.springframework.beans.factory.annotation.AutowiredAnnotationBeanPostProcessor$AutowiredFieldElement.resolveFieldValue(AutowiredAnnotationBeanPostProcessor.java:784)
	at org.springframework.beans.factory.annotation.AutowiredAnnotationBeanPostProcessor$AutowiredFieldElement.inject(AutowiredAnnotationBeanPostProcessor.java:767)
	at org.springframework.beans.factory.annotation.InjectionMetadata.inject(InjectionMetadata.java:145)
	at org.springframework.beans.factory.annotation.AutowiredAnnotationBeanPostProcessor.postProcessProperties(AutowiredAnnotationBeanPostProcessor.java:508)
	... 53 more
]]></error>
    <system-out><![CDATA[14:12:56.200 [main] INFO org.springframework.test.context.support.AnnotationConfigContextLoaderUtils -- Could not detect default configuration classes for test class [pe.edu.upc.mind.care.platform.MindCarePlatformApplicationTests]: MindCarePlatformApplicationTests does not declare any static, non-private, non-final, nested classes annotated with @Configuration.
14:12:56.309 [main] INFO org.springframework.boot.test.context.SpringBootTestContextBootstrapper -- Found @SpringBootConfiguration pe.edu.upc.mind.care.platform.MindCarePlatformApplication for test class pe.edu.upc.mind.care.platform.MindCarePlatformApplicationTests
14:12:56.435 [main] INFO org.springframework.boot.devtools.restart.RestartApplicationListener -- Restart disabled due to context in which it is running

  .   ____          _            __ _ _
 /\\ / ___'_ __ _ _(_)_ __  __ _ \ \ \ \
( ( )\___ | '_ | '_| | '_ \/ _` | \ \ \ \
 \\/  ___)| |_)| | | | | || (_| |  ) ) ) )
  '  |____| .__|_| |_|_| |_\__, | / / / /
 =========|_|==============|___/=/_/_/_/
 :: Spring Boot ::                (v3.2.6)

2024-06-27T14:12:56.621-05:00 DEBUG 22344 --- [mindcare-backend] [kground-preinit] org.jboss.logging                        : Logging Provider: org.jboss.logging.Slf4jLoggerProvider found via system property
2024-06-27T14:12:56.628-05:00 DEBUG 22344 --- [mindcare-backend] [kground-preinit] o.h.v.i.xml.config.ValidationXmlParser   : Trying to load META-INF/validation.xml for XML based Validator configuration.
2024-06-27T14:12:56.629-05:00 DEBUG 22344 --- [mindcare-backend] [kground-preinit] o.h.v.i.xml.config.ResourceLoaderHelper  : Trying to load META-INF/validation.xml via TCCL
2024-06-27T14:12:56.629-05:00 DEBUG 22344 --- [mindcare-backend] [kground-preinit] o.h.v.i.xml.config.ResourceLoaderHelper  : Trying to load META-INF/validation.xml via Hibernate Validator's class loader
2024-06-27T14:12:56.629-05:00 DEBUG 22344 --- [mindcare-backend] [kground-preinit] o.h.v.i.xml.config.ValidationXmlParser   : No META-INF/validation.xml found. Using annotation based configuration only.
2024-06-27T14:12:56.633-05:00 DEBUG 22344 --- [mindcare-backend] [kground-preinit] o.h.v.i.e.resolver.TraversableResolvers  : Found jakarta.persistence.Persistence on classpath containing 'getPersistenceUtil'. Assuming JPA 2 environment. Trying to instantiate JPA aware TraversableResolver
2024-06-27T14:12:56.634-05:00 DEBUG 22344 --- [mindcare-backend] [kground-preinit] o.h.v.i.e.resolver.TraversableResolvers  : Instantiated JPA aware TraversableResolver of type org.hibernate.validator.internal.engine.resolver.JPATraversableResolver.
2024-06-27T14:12:56.638-05:00  INFO 22344 --- [mindcare-backend] [           main] u.m.c.p.MindCarePlatformApplicationTests : Starting MindCarePlatformApplicationTests using Java 21.0.3 with PID 22344 (started by sebas in C:\Users\sebas\OneDrive\Escritorio\Sebas\UPC\Desarrollo de Aplicaciones Open Source\mindcare-backend)
2024-06-27T14:12:56.638-05:00 DEBUG 22344 --- [mindcare-backend] [           main] u.m.c.p.MindCarePlatformApplicationTests : Running with Spring Boot v3.2.6, Spring v6.1.8
2024-06-27T14:12:56.639-05:00  INFO 22344 --- [mindcare-backend] [           main] u.m.c.p.MindCarePlatformApplicationTests : No active profile set, falling back to 1 default profile: "default"
2024-06-27T14:12:56.639-05:00 DEBUG 22344 --- [mindcare-backend] [           main] o.s.boot.SpringApplication               : Loading source class pe.edu.upc.mind.care.platform.MindCarePlatformApplication
2024-06-27T14:12:56.650-05:00 DEBUG 22344 --- [mindcare-backend] [kground-preinit] .h.v.m.ResourceBundleMessageInterpolator : Loaded expression factory via original TCCL
2024-06-27T14:12:56.661-05:00 DEBUG 22344 --- [mindcare-backend] [           main] o.s.w.c.s.GenericWebApplicationContext   : Refreshing org.springframework.web.context.support.GenericWebApplicationContext@4d4d8fcf
2024-06-27T14:12:56.675-05:00 DEBUG 22344 --- [mindcare-backend] [           main] o.s.b.f.s.DefaultListableBeanFactory     : Creating shared instance of singleton bean 'org.springframework.context.annotation.internalConfigurationAnnotationProcessor'
2024-06-27T14:12:56.686-05:00 DEBUG 22344 --- [mindcare-backend] [           main] o.s.b.f.s.DefaultListableBeanFactory     : Creating shared instance of singleton bean 'org.springframework.boot.autoconfigure.internalCachingMetadataReaderFactory'
2024-06-27T14:12:56.721-05:00 DEBUG 22344 --- [mindcare-backend] [kground-preinit] .i.e.ValidatorFactoryConfigurationHelper : HV000252: Using org.hibernate.validator.internal.engine.DefaultPropertyNodeNameProvider as property node name provider.
2024-06-27T14:12:56.723-05:00 DEBUG 22344 --- [mindcare-backend] [           main] o.s.c.a.ClassPathBeanDefinitionScanner   : Identified candidate component class: file [C:\Users\sebas\OneDrive\Escritorio\Sebas\UPC\Desarrollo de Aplicaciones Open Source\mindcare-backend\target\classes\pe\edu\upc\mind\care\platform\appointmentManagement\application\internal\commandservices\AppointmentCommandServiceImpl.class]
2024-06-27T14:12:56.724-05:00 DEBUG 22344 --- [mindcare-backend] [           main] o.s.c.a.ClassPathBeanDefinitionScanner   : Identified candidate component class: file [C:\Users\sebas\OneDrive\Escritorio\Sebas\UPC\Desarrollo de Aplicaciones Open Source\mindcare-backend\target\classes\pe\edu\upc\mind\care\platform\appointmentManagement\application\internal\queryservices\AppointmentQueryServiceImpl.class]
2024-06-27T14:12:56.727-05:00 DEBUG 22344 --- [mindcare-backend] [kground-preinit] .i.e.ValidatorFactoryConfigurationHelper : HV000234: Using org.hibernate.validator.messageinterpolation.ResourceBundleMessageInterpolator as ValidatorFactory-scoped message interpolator.
2024-06-27T14:12:56.727-05:00 DEBUG 22344 --- [mindcare-backend] [kground-preinit] .i.e.ValidatorFactoryConfigurationHelper : HV000234: Using org.hibernate.validator.internal.engine.resolver.JPATraversableResolver as ValidatorFactory-scoped traversable resolver.
2024-06-27T14:12:56.727-05:00 DEBUG 22344 --- [mindcare-backend] [kground-preinit] .i.e.ValidatorFactoryConfigurationHelper : HV000234: Using org.hibernate.validator.internal.util.ExecutableParameterNameProvider as ValidatorFactory-scoped parameter name provider.
2024-06-27T14:12:56.727-05:00 DEBUG 22344 --- [mindcare-backend] [kground-preinit] .i.e.ValidatorFactoryConfigurationHelper : HV000234: Using org.hibernate.validator.internal.engine.DefaultClockProvider as ValidatorFactory-scoped clock provider.
2024-06-27T14:12:56.728-05:00 DEBUG 22344 --- [mindcare-backend] [kground-preinit] .i.e.ValidatorFactoryConfigurationHelper : HV000234: Using org.hibernate.validator.internal.engine.scripting.DefaultScriptEvaluatorFactory as ValidatorFactory-scoped script evaluator factory.
2024-06-27T14:12:56.729-05:00 DEBUG 22344 --- [mindcare-backend] [           main] o.s.c.a.ClassPathBeanDefinitionScanner   : Ignored because not a concrete top-level class: file [C:\Users\sebas\OneDrive\Escritorio\Sebas\UPC\Desarrollo de Aplicaciones Open Source\mindcare-backend\target\classes\pe\edu\upc\mind\care\platform\appointmentManagement\infrastructure\persistence\jpa\repositories\AppointmentRepository.class]
2024-06-27T14:12:56.743-05:00 DEBUG 22344 --- [mindcare-backend] [           main] o.s.c.a.ClassPathBeanDefinitionScanner   : Identified candidate component class: file [C:\Users\sebas\OneDrive\Escritorio\Sebas\UPC\Desarrollo de Aplicaciones Open Source\mindcare-backend\target\classes\pe\edu\upc\mind\care\platform\appointmentManagement\interfaces\rest\AppointmentController.class]
2024-06-27T14:12:56.745-05:00 DEBUG 22344 --- [mindcare-backend] [           main] o.s.c.a.ClassPathBeanDefinitionScanner   : Identified candidate component class: file [C:\Users\sebas\OneDrive\Escritorio\Sebas\UPC\Desarrollo de Aplicaciones Open Source\mindcare-backend\target\classes\pe\edu\upc\mind\care\platform\iam\application\internal\commandservices\RoleCommandServiceImpl.class]
2024-06-27T14:12:56.746-05:00 DEBUG 22344 --- [mindcare-backend] [           main] o.s.c.a.ClassPathBeanDefinitionScanner   : Identified candidate component class: file [C:\Users\sebas\OneDrive\Escritorio\Sebas\UPC\Desarrollo de Aplicaciones Open Source\mindcare-backend\target\classes\pe\edu\upc\mind\care\platform\iam\application\internal\commandservices\UserCommandServiceImpl.class]
2024-06-27T14:12:56.747-05:00 DEBUG 22344 --- [mindcare-backend] [           main] o.s.c.a.ClassPathBeanDefinitionScanner   : Identified candidate component class: file [C:\Users\sebas\OneDrive\Escritorio\Sebas\UPC\Desarrollo de Aplicaciones Open Source\mindcare-backend\target\classes\pe\edu\upc\mind\care\platform\iam\application\internal\eventhandlers\ApplicationReadyEventHandler.class]
2024-06-27T14:12:56.748-05:00 DEBUG 22344 --- [mindcare-backend] [           main] o.s.c.a.ClassPathBeanDefinitionScanner   : Identified candidate component class: file [C:\Users\sebas\OneDrive\Escritorio\Sebas\UPC\Desarrollo de Aplicaciones Open Source\mindcare-backend\target\classes\pe\edu\upc\mind\care\platform\iam\application\internal\queryservices\RoleQueryServiceImpl.class]
2024-06-27T14:12:56.750-05:00 DEBUG 22344 --- [mindcare-backend] [           main] o.s.c.a.ClassPathBeanDefinitionScanner   : Identified candidate component class: file [C:\Users\sebas\OneDrive\Escritorio\Sebas\UPC\Desarrollo de Aplicaciones Open Source\mindcare-backend\target\classes\pe\edu\upc\mind\care\platform\iam\application\internal\queryservices\UserQueryServiceImpl.class]
2024-06-27T14:12:56.763-05:00 DEBUG 22344 --- [mindcare-backend] [           main] o.s.c.a.ClassPathBeanDefinitionScanner   : Identified candidate component class: file [C:\Users\sebas\OneDrive\Escritorio\Sebas\UPC\Desarrollo de Aplicaciones Open Source\mindcare-backend\target\classes\pe\edu\upc\mind\care\platform\iam\infrastructure\authorization\sfs\configuration\WebSecurityConfiguration.class]
2024-06-27T14:12:56.766-05:00 DEBUG 22344 --- [mindcare-backend] [           main] o.s.c.a.ClassPathBeanDefinitionScanner   : Identified candidate component class: file [C:\Users\sebas\OneDrive\Escritorio\Sebas\UPC\Desarrollo de Aplicaciones Open Source\mindcare-backend\target\classes\pe\edu\upc\mind\care\platform\iam\infrastructure\authorization\sfs\pipeline\UnauthorizedRequestHandlerEntryPoint.class]
2024-06-27T14:12:56.767-05:00 DEBUG 22344 --- [mindcare-backend] [           main] o.s.c.a.ClassPathBeanDefinitionScanner   : Identified candidate component class: file [C:\Users\sebas\OneDrive\Escritorio\Sebas\UPC\Desarrollo de Aplicaciones Open Source\mindcare-backend\target\classes\pe\edu\upc\mind\care\platform\iam\infrastructure\authorization\sfs\services\UserDetailsServiceImpl.class]
2024-06-27T14:12:56.768-05:00 DEBUG 22344 --- [mindcare-backend] [           main] o.s.c.a.ClassPathBeanDefinitionScanner   : Identified candidate component class: file [C:\Users\sebas\OneDrive\Escritorio\Sebas\UPC\Desarrollo de Aplicaciones Open Source\mindcare-backend\target\classes\pe\edu\upc\mind\care\platform\iam\infrastructure\hashing\bcrypt\services\HashingServiceImpl.class]
2024-06-27T14:12:56.769-05:00 DEBUG 22344 --- [mindcare-backend] [           main] o.s.c.a.ClassPathBeanDefinitionScanner   : Ignored because not a concrete top-level class: file [C:\Users\sebas\OneDrive\Escritorio\Sebas\UPC\Desarrollo de Aplicaciones Open Source\mindcare-backend\target\classes\pe\edu\upc\mind\care\platform\iam\infrastructure\persistence\jpa\repositories\RoleRepository.class]
2024-06-27T14:12:56.769-05:00 DEBUG 22344 --- [mindcare-backend] [           main] o.s.c.a.ClassPathBeanDefinitionScanner   : Ignored because not a concrete top-level class: file [C:\Users\sebas\OneDrive\Escritorio\Sebas\UPC\Desarrollo de Aplicaciones Open Source\mindcare-backend\target\classes\pe\edu\upc\mind\care\platform\iam\infrastructure\persistence\jpa\repositories\UserRepository.class]
2024-06-27T14:12:56.770-05:00 DEBUG 22344 --- [mindcare-backend] [           main] o.s.c.a.ClassPathBeanDefinitionScanner   : Identified candidate component class: file [C:\Users\sebas\OneDrive\Escritorio\Sebas\UPC\Desarrollo de Aplicaciones Open Source\mindcare-backend\target\classes\pe\edu\upc\mind\care\platform\iam\infrastructure\tokens\jwt\services\TokenServiceImpl.class]
2024-06-27T14:12:56.771-05:00 DEBUG 22344 --- [mindcare-backend] [           main] o.s.c.a.ClassPathBeanDefinitionScanner   : Identified candidate component class: file [C:\Users\sebas\OneDrive\Escritorio\Sebas\UPC\Desarrollo de Aplicaciones Open Source\mindcare-backend\target\classes\pe\edu\upc\mind\care\platform\iam\interfaces\rest\AuthenticationController.class]
2024-06-27T14:12:56.774-05:00 DEBUG 22344 --- [mindcare-backend] [           main] o.s.c.a.ClassPathBeanDefinitionScanner   : Identified candidate component class: file [C:\Users\sebas\OneDrive\Escritorio\Sebas\UPC\Desarrollo de Aplicaciones Open Source\mindcare-backend\target\classes\pe\edu\upc\mind\care\platform\iam\interfaces\rest\RolesController.class]
2024-06-27T14:12:56.776-05:00 DEBUG 22344 --- [mindcare-backend] [           main] o.s.c.a.ClassPathBeanDefinitionScanner   : Identified candidate component class: file [C:\Users\sebas\OneDrive\Escritorio\Sebas\UPC\Desarrollo de Aplicaciones Open Source\mindcare-backend\target\classes\pe\edu\upc\mind\care\platform\iam\interfaces\rest\UsersController.class]
2024-06-27T14:12:56.777-05:00 DEBUG 22344 --- [mindcare-backend] [           main] o.s.c.a.ClassPathBeanDefinitionScanner   : Identified candidate component class: file [C:\Users\sebas\OneDrive\Escritorio\Sebas\UPC\Desarrollo de Aplicaciones Open Source\mindcare-backend\target\classes\pe\edu\upc\mind\care\platform\NoteManagement\application\internal\commandservices\AppointmentNoteCommandServiceImpl.class]
2024-06-27T14:12:56.777-05:00 DEBUG 22344 --- [mindcare-backend] [           main] o.s.c.a.ClassPathBeanDefinitionScanner   : Identified candidate component class: file [C:\Users\sebas\OneDrive\Escritorio\Sebas\UPC\Desarrollo de Aplicaciones Open Source\mindcare-backend\target\classes\pe\edu\upc\mind\care\platform\NoteManagement\application\internal\queryservices\AppointmentNoteQueryServiceImpl.class]
2024-06-27T14:12:56.784-05:00 DEBUG 22344 --- [mindcare-backend] [           main] o.s.c.a.ClassPathBeanDefinitionScanner   : Ignored because not a concrete top-level class: file [C:\Users\sebas\OneDrive\Escritorio\Sebas\UPC\Desarrollo de Aplicaciones Open Source\mindcare-backend\target\classes\pe\edu\upc\mind\care\platform\NoteManagement\infrastructure\persistence\jpa\repositories\AppointmentNoteRepository.class]
2024-06-27T14:12:56.787-05:00 DEBUG 22344 --- [mindcare-backend] [           main] o.s.c.a.ClassPathBeanDefinitionScanner   : Identified candidate component class: file [C:\Users\sebas\OneDrive\Escritorio\Sebas\UPC\Desarrollo de Aplicaciones Open Source\mindcare-backend\target\classes\pe\edu\upc\mind\care\platform\NoteManagement\interfaces\rest\NoteManagementController.class]
2024-06-27T14:12:56.791-05:00 DEBUG 22344 --- [mindcare-backend] [           main] o.s.c.a.ClassPathBeanDefinitionScanner   : Identified candidate component class: file [C:\Users\sebas\OneDrive\Escritorio\Sebas\UPC\Desarrollo de Aplicaciones Open Source\mindcare-backend\target\classes\pe\edu\upc\mind\care\platform\searchandmatch\application\internal\commandservices\ScheduleCommandServiceImpl.class]
2024-06-27T14:12:56.791-05:00 DEBUG 22344 --- [mindcare-backend] [           main] o.s.c.a.ClassPathBeanDefinitionScanner   : Identified candidate component class: file [C:\Users\sebas\OneDrive\Escritorio\Sebas\UPC\Desarrollo de Aplicaciones Open Source\mindcare-backend\target\classes\pe\edu\upc\mind\care\platform\searchandmatch\application\internal\queryservices\ScheduleQueryServiceImpl.class]
2024-06-27T14:12:56.802-05:00 DEBUG 22344 --- [mindcare-backend] [           main] o.s.c.a.ClassPathBeanDefinitionScanner   : Ignored because not a concrete top-level class: file [C:\Users\sebas\OneDrive\Escritorio\Sebas\UPC\Desarrollo de Aplicaciones Open Source\mindcare-backend\target\classes\pe\edu\upc\mind\care\platform\searchandmatch\infrastructure\persistence\jpa\repositories\ScheduleRepository.class]
2024-06-27T14:12:56.804-05:00 DEBUG 22344 --- [mindcare-backend] [           main] o.s.c.a.ClassPathBeanDefinitionScanner   : Identified candidate component class: file [C:\Users\sebas\OneDrive\Escritorio\Sebas\UPC\Desarrollo de Aplicaciones Open Source\mindcare-backend\target\classes\pe\edu\upc\mind\care\platform\searchandmatch\interfaces\rest\ScheduleController.class]
2024-06-27T14:12:56.807-05:00 DEBUG 22344 --- [mindcare-backend] [           main] o.s.c.a.ClassPathBeanDefinitionScanner   : Identified candidate component class: file [C:\Users\sebas\OneDrive\Escritorio\Sebas\UPC\Desarrollo de Aplicaciones Open Source\mindcare-backend\target\classes\pe\edu\upc\mind\care\platform\shared\infrastructure\documentation\openapi\configuration\OpenApiConfiguration.class]
2024-06-27T14:12:56.810-05:00 DEBUG 22344 --- [mindcare-backend] [           main] o.s.c.a.ClassPathBeanDefinitionScanner   : Identified candidate component class: file [C:\Users\sebas\OneDrive\Escritorio\Sebas\UPC\Desarrollo de Aplicaciones Open Source\mindcare-backend\target\classes\pe\edu\upc\mind\care\platform\therapymanagement\application\internal\commandservices\FinancialCommandServiceImpl.class]
2024-06-27T14:12:56.812-05:00 DEBUG 22344 --- [mindcare-backend] [           main] o.s.c.a.ClassPathBeanDefinitionScanner   : Identified candidate component class: file [C:\Users\sebas\OneDrive\Escritorio\Sebas\UPC\Desarrollo de Aplicaciones Open Source\mindcare-backend\target\classes\pe\edu\upc\mind\care\platform\therapymanagement\application\internal\queryservices\FinancialQueryServiceImpl.class]
2024-06-27T14:12:56.819-05:00 DEBUG 22344 --- [mindcare-backend] [           main] o.s.c.a.ClassPathBeanDefinitionScanner   : Ignored because not a concrete top-level class: file [C:\Users\sebas\OneDrive\Escritorio\Sebas\UPC\Desarrollo de Aplicaciones Open Source\mindcare-backend\target\classes\pe\edu\upc\mind\care\platform\therapymanagement\infraestructure\persistence\jpa\repositories\FinancialRepository.class]
2024-06-27T14:12:56.820-05:00 DEBUG 22344 --- [mindcare-backend] [           main] o.s.c.a.ClassPathBeanDefinitionScanner   : Identified candidate component class: file [C:\Users\sebas\OneDrive\Escritorio\Sebas\UPC\Desarrollo de Aplicaciones Open Source\mindcare-backend\target\classes\pe\edu\upc\mind\care\platform\therapymanagement\interfaces\rest\FinancialController.class]
2024-06-27T14:12:56.823-05:00 DEBUG 22344 --- [mindcare-backend] [           main] o.s.c.a.ClassPathBeanDefinitionScanner   : Identified candidate component class: file [C:\Users\sebas\OneDrive\Escritorio\Sebas\UPC\Desarrollo de Aplicaciones Open Source\mindcare-backend\target\classes\pe\edu\upc\mind\care\platform\therapymanagement\interfaces\rest\transform\AddTransactionToFinancialCommandFromResource.class]
2024-06-27T14:12:56.823-05:00 DEBUG 22344 --- [mindcare-backend] [           main] o.s.c.a.ClassPathBeanDefinitionScanner   : Identified candidate component class: file [C:\Users\sebas\OneDrive\Escritorio\Sebas\UPC\Desarrollo de Aplicaciones Open Source\mindcare-backend\target\classes\pe\edu\upc\mind\care\platform\therapymanagement\interfaces\rest\transform\CancelTransactionCommandFromResource.class]
2024-06-27T14:12:57.493-05:00  INFO 22344 --- [mindcare-backend] [           main] .s.d.r.c.RepositoryConfigurationDelegate : Bootstrapping Spring Data JPA repositories in DEFAULT mode.
2024-06-27T14:12:57.497-05:00 DEBUG 22344 --- [mindcare-backend] [           main] o.s.b.f.s.DefaultListableBeanFactory     : Creating shared instance of singleton bean 'org.springframework.boot.autoconfigure.AutoConfigurationPackages'
2024-06-27T14:12:57.503-05:00 DEBUG 22344 --- [mindcare-backend] [           main] o.s.b.a.AutoConfigurationPackages        : @EnableAutoConfiguration was declared on a class in the package 'pe.edu.upc.mind.care.platform,org.springframework.modulith.events.jpa'. Automatic @Repository and @Entity scanning is enabled.
2024-06-27T14:12:57.503-05:00 DEBUG 22344 --- [mindcare-backend] [           main] .s.d.r.c.RepositoryConfigurationDelegate : Scanning for JPA repositories in packages pe.edu.upc.mind.care.platform, org.springframework.modulith.events.jpa.
2024-06-27T14:12:57.521-05:00 DEBUG 22344 --- [mindcare-backend] [           main] o.s.d.r.c.RepositoryComponentProvider    : Identified candidate component class: file [C:\Users\sebas\OneDrive\Escritorio\Sebas\UPC\Desarrollo de Aplicaciones Open Source\mindcare-backend\target\classes\pe\edu\upc\mind\care\platform\appointmentManagement\infrastructure\persistence\jpa\repositories\AppointmentRepository.class]
2024-06-27T14:12:57.524-05:00 DEBUG 22344 --- [mindcare-backend] [           main] o.s.d.r.c.RepositoryComponentProvider    : Identified candidate component class: file [C:\Users\sebas\OneDrive\Escritorio\Sebas\UPC\Desarrollo de Aplicaciones Open Source\mindcare-backend\target\classes\pe\edu\upc\mind\care\platform\iam\infrastructure\persistence\jpa\repositories\RoleRepository.class]
2024-06-27T14:12:57.524-05:00 DEBUG 22344 --- [mindcare-backend] [           main] o.s.d.r.c.RepositoryComponentProvider    : Identified candidate component class: file [C:\Users\sebas\OneDrive\Escritorio\Sebas\UPC\Desarrollo de Aplicaciones Open Source\mindcare-backend\target\classes\pe\edu\upc\mind\care\platform\iam\infrastructure\persistence\jpa\repositories\UserRepository.class]
2024-06-27T14:12:57.525-05:00 DEBUG 22344 --- [mindcare-backend] [           main] o.s.d.r.c.RepositoryComponentProvider    : Identified candidate component class: file [C:\Users\sebas\OneDrive\Escritorio\Sebas\UPC\Desarrollo de Aplicaciones Open Source\mindcare-backend\target\classes\pe\edu\upc\mind\care\platform\NoteManagement\infrastructure\persistence\jpa\repositories\AppointmentNoteRepository.class]
2024-06-27T14:12:57.526-05:00 DEBUG 22344 --- [mindcare-backend] [           main] o.s.d.r.c.RepositoryComponentProvider    : Identified candidate component class: file [C:\Users\sebas\OneDrive\Escritorio\Sebas\UPC\Desarrollo de Aplicaciones Open Source\mindcare-backend\target\classes\pe\edu\upc\mind\care\platform\searchandmatch\infrastructure\persistence\jpa\repositories\ReservationRepository.class]
2024-06-27T14:12:57.526-05:00 DEBUG 22344 --- [mindcare-backend] [           main] o.s.d.r.c.RepositoryComponentProvider    : Identified candidate component class: file [C:\Users\sebas\OneDrive\Escritorio\Sebas\UPC\Desarrollo de Aplicaciones Open Source\mindcare-backend\target\classes\pe\edu\upc\mind\care\platform\searchandmatch\infrastructure\persistence\jpa\repositories\ScheduleRepository.class]
2024-06-27T14:12:57.527-05:00 DEBUG 22344 --- [mindcare-backend] [           main] o.s.d.r.c.RepositoryComponentProvider    : Identified candidate component class: file [C:\Users\sebas\OneDrive\Escritorio\Sebas\UPC\Desarrollo de Aplicaciones Open Source\mindcare-backend\target\classes\pe\edu\upc\mind\care\platform\therapymanagement\infraestructure\persistence\jpa\repositories\FinancialRepository.class]
2024-06-27T14:12:57.559-05:00 DEBUG 22344 --- [mindcare-backend] [           main] ssPathScanningCandidateComponentProvider : Identified candidate component class: file [C:\Users\sebas\OneDrive\Escritorio\Sebas\UPC\Desarrollo de Aplicaciones Open Source\mindcare-backend\target\classes\pe\edu\upc\mind\care\platform\appointmentManagement\application\internal\commandservices\AppointmentCommandServiceImpl.class]
2024-06-27T14:12:57.559-05:00 DEBUG 22344 --- [mindcare-backend] [           main] ssPathScanningCandidateComponentProvider : Identified candidate component class: file [C:\Users\sebas\OneDrive\Escritorio\Sebas\UPC\Desarrollo de Aplicaciones Open Source\mindcare-backend\target\classes\pe\edu\upc\mind\care\platform\appointmentManagement\application\internal\queryservices\AppointmentQueryServiceImpl.class]
2024-06-27T14:12:57.559-05:00 DEBUG 22344 --- [mindcare-backend] [           main] ssPathScanningCandidateComponentProvider : Identified candidate component class: file [C:\Users\sebas\OneDrive\Escritorio\Sebas\UPC\Desarrollo de Aplicaciones Open Source\mindcare-backend\target\classes\pe\edu\upc\mind\care\platform\iam\application\internal\commandservices\RoleCommandServiceImpl.class]
2024-06-27T14:12:57.559-05:00 DEBUG 22344 --- [mindcare-backend] [           main] ssPathScanningCandidateComponentProvider : Identified candidate component class: file [C:\Users\sebas\OneDrive\Escritorio\Sebas\UPC\Desarrollo de Aplicaciones Open Source\mindcare-backend\target\classes\pe\edu\upc\mind\care\platform\iam\application\internal\commandservices\UserCommandServiceImpl.class]
2024-06-27T14:12:57.559-05:00 DEBUG 22344 --- [mindcare-backend] [           main] ssPathScanningCandidateComponentProvider : Identified candidate component class: file [C:\Users\sebas\OneDrive\Escritorio\Sebas\UPC\Desarrollo de Aplicaciones Open Source\mindcare-backend\target\classes\pe\edu\upc\mind\care\platform\iam\application\internal\queryservices\RoleQueryServiceImpl.class]
2024-06-27T14:12:57.560-05:00 DEBUG 22344 --- [mindcare-backend] [           main] ssPathScanningCandidateComponentProvider : Identified candidate component class: file [C:\Users\sebas\OneDrive\Escritorio\Sebas\UPC\Desarrollo de Aplicaciones Open Source\mindcare-backend\target\classes\pe\edu\upc\mind\care\platform\iam\application\internal\queryservices\UserQueryServiceImpl.class]
2024-06-27T14:12:57.560-05:00 DEBUG 22344 --- [mindcare-backend] [           main] ssPathScanningCandidateComponentProvider : Identified candidate component class: file [C:\Users\sebas\OneDrive\Escritorio\Sebas\UPC\Desarrollo de Aplicaciones Open Source\mindcare-backend\target\classes\pe\edu\upc\mind\care\platform\iam\infrastructure\authorization\sfs\model\UserDetailsImpl.class]
2024-06-27T14:12:57.560-05:00 DEBUG 22344 --- [mindcare-backend] [           main] ssPathScanningCandidateComponentProvider : Identified candidate component class: file [C:\Users\sebas\OneDrive\Escritorio\Sebas\UPC\Desarrollo de Aplicaciones Open Source\mindcare-backend\target\classes\pe\edu\upc\mind\care\platform\iam\infrastructure\authorization\sfs\services\UserDetailsServiceImpl.class]
2024-06-27T14:12:57.560-05:00 DEBUG 22344 --- [mindcare-backend] [           main] ssPathScanningCandidateComponentProvider : Identified candidate component class: file [C:\Users\sebas\OneDrive\Escritorio\Sebas\UPC\Desarrollo de Aplicaciones Open Source\mindcare-backend\target\classes\pe\edu\upc\mind\care\platform\iam\infrastructure\hashing\bcrypt\services\HashingServiceImpl.class]
2024-06-27T14:12:57.560-05:00 DEBUG 22344 --- [mindcare-backend] [           main] ssPathScanningCandidateComponentProvider : Identified candidate component class: file [C:\Users\sebas\OneDrive\Escritorio\Sebas\UPC\Desarrollo de Aplicaciones Open Source\mindcare-backend\target\classes\pe\edu\upc\mind\care\platform\iam\infrastructure\tokens\jwt\services\TokenServiceImpl.class]
2024-06-27T14:12:57.560-05:00 DEBUG 22344 --- [mindcare-backend] [           main] ssPathScanningCandidateComponentProvider : Identified candidate component class: file [C:\Users\sebas\OneDrive\Escritorio\Sebas\UPC\Desarrollo de Aplicaciones Open Source\mindcare-backend\target\classes\pe\edu\upc\mind\care\platform\NoteManagement\application\internal\commandservices\AppointmentNoteCommandServiceImpl.class]
2024-06-27T14:12:57.560-05:00 DEBUG 22344 --- [mindcare-backend] [           main] ssPathScanningCandidateComponentProvider : Identified candidate component class: file [C:\Users\sebas\OneDrive\Escritorio\Sebas\UPC\Desarrollo de Aplicaciones Open Source\mindcare-backend\target\classes\pe\edu\upc\mind\care\platform\NoteManagement\application\internal\queryservices\AppointmentNoteQueryServiceImpl.class]
2024-06-27T14:12:57.560-05:00 DEBUG 22344 --- [mindcare-backend] [           main] ssPathScanningCandidateComponentProvider : Identified candidate component class: file [C:\Users\sebas\OneDrive\Escritorio\Sebas\UPC\Desarrollo de Aplicaciones Open Source\mindcare-backend\target\classes\pe\edu\upc\mind\care\platform\searchandmatch\application\internal\commandservices\ScheduleCommandServiceImpl.class]
2024-06-27T14:12:57.560-05:00 DEBUG 22344 --- [mindcare-backend] [           main] ssPathScanningCandidateComponentProvider : Identified candidate component class: file [C:\Users\sebas\OneDrive\Escritorio\Sebas\UPC\Desarrollo de Aplicaciones Open Source\mindcare-backend\target\classes\pe\edu\upc\mind\care\platform\searchandmatch\application\internal\queryservices\ScheduleQueryServiceImpl.class]
2024-06-27T14:12:57.560-05:00 DEBUG 22344 --- [mindcare-backend] [           main] ssPathScanningCandidateComponentProvider : Identified candidate component class: file [C:\Users\sebas\OneDrive\Escritorio\Sebas\UPC\Desarrollo de Aplicaciones Open Source\mindcare-backend\target\classes\pe\edu\upc\mind\care\platform\therapymanagement\application\internal\commandservices\FinancialCommandServiceImpl.class]
2024-06-27T14:12:57.560-05:00 DEBUG 22344 --- [mindcare-backend] [           main] ssPathScanningCandidateComponentProvider : Identified candidate component class: file [C:\Users\sebas\OneDrive\Escritorio\Sebas\UPC\Desarrollo de Aplicaciones Open Source\mindcare-backend\target\classes\pe\edu\upc\mind\care\platform\therapymanagement\application\internal\queryservices\FinancialQueryServiceImpl.class]
2024-06-27T14:12:57.585-05:00  INFO 22344 --- [mindcare-backend] [           main] .s.d.r.c.RepositoryConfigurationDelegate : Finished Spring Data repository scanning in 79 ms. Found 7 JPA repository interfaces.
2024-06-27T14:12:57.699-05:00 DEBUG 22344 --- [mindcare-backend] [           main] o.s.b.f.s.DefaultListableBeanFactory     : Creating shared instance of singleton bean 'springSecurityHandlerMappingIntrospectorBeanDefinitionRegistryPostProcessor'
2024-06-27T14:12:57.785-05:00 DEBUG 22344 --- [mindcare-backend] [           main] o.s.b.f.s.DefaultListableBeanFactory     : Creating shared instance of singleton bean 'propertySourcesPlaceholderConfigurer'
2024-06-27T14:12:57.789-05:00 DEBUG 22344 --- [mindcare-backend] [           main] o.s.b.f.s.DefaultListableBeanFactory     : Creating shared instance of singleton bean 'org.springframework.boot.test.mock.mockito.MockitoPostProcessor'
2024-06-27T14:12:57.791-05:00 DEBUG 22344 --- [mindcare-backend] [           main] o.s.b.f.s.DefaultListableBeanFactory     : Creating shared instance of singleton bean 'emBeanDefinitionRegistrarPostProcessor'
2024-06-27T14:12:57.792-05:00 DEBUG 22344 --- [mindcare-backend] [           main] o.s.b.f.s.DefaultListableBeanFactory     : Creating shared instance of singleton bean 'org.springframework.boot.sql.init.dependency.DatabaseInitializationDependencyConfigurer$DependsOnDatabaseInitializationPostProcessor'
2024-06-27T14:12:57.840-05:00 DEBUG 22344 --- [mindcare-backend] [           main] o.s.b.f.s.DefaultListableBeanFactory     : Creating shared instance of singleton bean 'org.springframework.context.event.internalEventListenerProcessor'
2024-06-27T14:12:57.842-05:00 DEBUG 22344 --- [mindcare-backend] [           main] o.s.b.f.s.DefaultListableBeanFactory     : Creating shared instance of singleton bean 'preserveErrorControllerTargetClassPostProcessor'
2024-06-27T14:12:57.843-05:00 DEBUG 22344 --- [mindcare-backend] [           main] o.s.b.f.s.DefaultListableBeanFactory     : Creating shared instance of singleton bean 'conversionServicePostProcessor'
2024-06-27T14:12:57.849-05:00 DEBUG 22344 --- [mindcare-backend] [           main] o.s.b.f.s.DefaultListableBeanFactory     : Creating shared instance of singleton bean 'org.springframework.modulith.core.config.ApplicationModuleInitializerRuntimeVerification'
2024-06-27T14:12:57.850-05:00 DEBUG 22344 --- [mindcare-backend] [           main] o.s.b.f.s.DefaultListableBeanFactory     : Creating shared instance of singleton bean 'org.springframework.context.event.internalEventListenerFactory'
2024-06-27T14:12:57.850-05:00 DEBUG 22344 --- [mindcare-backend] [           main] o.s.b.f.s.DefaultListableBeanFactory     : Creating shared instance of singleton bean 'org.springframework.transaction.config.internalTransactionalEventListenerFactory'
2024-06-27T14:12:57.850-05:00 DEBUG 22344 --- [mindcare-backend] [           main] o.s.b.f.s.DefaultListableBeanFactory     : Creating shared instance of singleton bean 'filteringEventListenerFactory'
2024-06-27T14:12:57.860-05:00 DEBUG 22344 --- [mindcare-backend] [           main] o.s.b.f.s.DefaultListableBeanFactory     : Creating shared instance of singleton bean 'eventExternalizationConfiguration'
2024-06-27T14:12:57.861-05:00 DEBUG 22344 --- [mindcare-backend] [           main] o.s.b.f.s.DefaultListableBeanFactory     : Autowiring by type from bean name 'eventExternalizationConfiguration' via factory method to bean named 'org.springframework.beans.factory.support.DefaultListableBeanFactory@ba1f559'
2024-06-27T14:12:57.868-05:00 DEBUG 22344 --- [mindcare-backend] [           main] o.s.b.f.s.DefaultListableBeanFactory     : Autowiring by type from bean name 'filteringEventListenerFactory' via factory method to bean named 'eventExternalizationConfiguration'
2024-06-27T14:12:57.873-05:00 DEBUG 22344 --- [mindcare-backend] [           main] o.s.b.f.s.DefaultListableBeanFactory     : Creating shared instance of singleton bean 'org.springframework.boot.test.mock.mockito.MockitoPostProcessor$SpyPostProcessor'
2024-06-27T14:12:57.874-05:00 DEBUG 22344 --- [mindcare-backend] [           main] o.s.b.f.s.DefaultListableBeanFactory     : Creating shared instance of singleton bean 'org.springframework.context.annotation.internalAutowiredAnnotationProcessor'
2024-06-27T14:12:57.875-05:00 DEBUG 22344 --- [mindcare-backend] [           main] o.s.b.f.s.DefaultListableBeanFactory     : Creating shared instance of singleton bean 'org.springframework.context.annotation.internalCommonAnnotationProcessor'
2024-06-27T14:12:57.879-05:00 DEBUG 22344 --- [mindcare-backend] [           main] o.s.b.f.s.DefaultListableBeanFactory     : Creating shared instance of singleton bean 'org.springframework.context.annotation.internalPersistenceAnnotationProcessor'
2024-06-27T14:12:57.879-05:00 DEBUG 22344 --- [mindcare-backend] [           main] o.s.b.f.s.DefaultListableBeanFactory     : Creating shared instance of singleton bean 'org.springframework.boot.context.properties.ConfigurationPropertiesBindingPostProcessor'
2024-06-27T14:12:57.879-05:00 DEBUG 22344 --- [mindcare-backend] [           main] o.s.b.f.s.DefaultListableBeanFactory     : Creating shared instance of singleton bean 'org.springframework.boot.context.internalConfigurationPropertiesBinder'
2024-06-27T14:12:57.881-05:00 DEBUG 22344 --- [mindcare-backend] [           main] o.s.b.f.s.DefaultListableBeanFactory     : Creating shared instance of singleton bean 'jdbcConnectionDetailsHikariBeanPostProcessor'
2024-06-27T14:12:57.882-05:00 DEBUG 22344 --- [mindcare-backend] [           main] o.s.b.f.s.DefaultListableBeanFactory     : Creating shared instance of singleton bean 'org.springframework.aop.config.internalAutoProxyCreator'
2024-06-27T14:12:57.901-05:00 DEBUG 22344 --- [mindcare-backend] [           main] o.s.b.f.s.DefaultListableBeanFactory     : Creating shared instance of singleton bean 'methodValidationPostProcessor'
2024-06-27T14:12:57.902-05:00 DEBUG 22344 --- [mindcare-backend] [           main] o.s.b.f.s.DefaultListableBeanFactory     : Autowiring by type from bean name 'methodValidationPostProcessor' via factory method to bean named 'environment'
2024-06-27T14:12:57.905-05:00 DEBUG 22344 --- [mindcare-backend] [           main] o.s.b.f.s.DefaultListableBeanFactory     : Creating shared instance of singleton bean 'org.springframework.boot.context.properties.EnableConfigurationPropertiesRegistrar.methodValidationExcludeFilter'
2024-06-27T14:12:57.915-05:00 DEBUG 22344 --- [mindcare-backend] [           main] o.s.b.f.s.DefaultListableBeanFactory     : Creating shared instance of singleton bean 'persistenceExceptionTranslationPostProcessor'
2024-06-27T14:12:57.916-05:00 DEBUG 22344 --- [mindcare-backend] [           main] o.s.b.f.s.DefaultListableBeanFactory     : Autowiring by type from bean name 'persistenceExceptionTranslationPostProcessor' via factory method to bean named 'environment'
2024-06-27T14:12:57.917-05:00 DEBUG 22344 --- [mindcare-backend] [           main] o.s.b.f.s.DefaultListableBeanFactory     : Creating shared instance of singleton bean 'org.springframework.context.annotation.internalAsyncAnnotationProcessor'
2024-06-27T14:12:57.917-05:00 DEBUG 22344 --- [mindcare-backend] [           main] o.s.b.f.s.DefaultListableBeanFactory     : Creating shared instance of singleton bean 'org.springframework.scheduling.annotation.ProxyAsyncConfiguration'
2024-06-27T14:12:57.925-05:00 DEBUG 22344 --- [mindcare-backend] [           main] o.s.b.f.s.DefaultListableBeanFactory     : Creating shared instance of singleton bean 'org.springframework.context.annotation.internalScheduledAnnotationProcessor'
2024-06-27T14:12:57.925-05:00 DEBUG 22344 --- [mindcare-backend] [           main] o.s.b.f.s.DefaultListableBeanFactory     : Creating shared instance of singleton bean 'org.springframework.scheduling.annotation.SchedulingConfiguration'
2024-06-27T14:12:57.930-05:00 DEBUG 22344 --- [mindcare-backend] [           main] o.s.b.f.s.DefaultListableBeanFactory     : Creating shared instance of singleton bean 'webServerFactoryCustomizerBeanPostProcessor'
2024-06-27T14:12:57.932-05:00 DEBUG 22344 --- [mindcare-backend] [           main] o.s.b.f.s.DefaultListableBeanFactory     : Creating shared instance of singleton bean 'errorPageRegistrarBeanPostProcessor'
2024-06-27T14:12:57.933-05:00 DEBUG 22344 --- [mindcare-backend] [           main] o.s.b.f.s.DefaultListableBeanFactory     : Creating shared instance of singleton bean 'projectingArgumentResolverBeanPostProcessor'
2024-06-27T14:12:57.934-05:00 DEBUG 22344 --- [mindcare-backend] [           main] o.s.b.f.s.DefaultListableBeanFactory     : Creating shared instance of singleton bean 'preFilterAuthorizationAdvisor'
2024-06-27T14:12:57.935-05:00 DEBUG 22344 --- [mindcare-backend] [           main] o.s.b.f.s.DefaultListableBeanFactory     : Autowiring by type from bean name 'preFilterAuthorizationAdvisor' via factory method to bean named 'org.springframework.web.context.support.GenericWebApplicationContext@4d4d8fcf'
2024-06-27T14:12:57.948-05:00 DEBUG 22344 --- [mindcare-backend] [           main] o.s.b.f.s.DefaultListableBeanFactory     : Creating shared instance of singleton bean 'preAuthorizeAuthorizationAdvisor'
2024-06-27T14:12:57.950-05:00 DEBUG 22344 --- [mindcare-backend] [           main] o.s.b.f.s.DefaultListableBeanFactory     : Autowiring by type from bean name 'preAuthorizeAuthorizationAdvisor' via factory method to bean named 'org.springframework.web.context.support.GenericWebApplicationContext@4d4d8fcf'
2024-06-27T14:12:57.958-05:00 DEBUG 22344 --- [mindcare-backend] [           main] o.s.b.f.s.DefaultListableBeanFactory     : Creating shared instance of singleton bean 'postFilterAuthorizationAdvisor'
2024-06-27T14:12:57.960-05:00 DEBUG 22344 --- [mindcare-backend] [           main] o.s.b.f.s.DefaultListableBeanFactory     : Autowiring by type from bean name 'postFilterAuthorizationAdvisor' via factory method to bean named 'org.springframework.web.context.support.GenericWebApplicationContext@4d4d8fcf'
2024-06-27T14:12:57.963-05:00 DEBUG 22344 --- [mindcare-backend] [           main] o.s.b.f.s.DefaultListableBeanFactory     : Creating shared instance of singleton bean 'postAuthorizeAuthorizationAdvisor'
2024-06-27T14:12:57.964-05:00 DEBUG 22344 --- [mindcare-backend] [           main] o.s.b.f.s.DefaultListableBeanFactory     : Autowiring by type from bean name 'postAuthorizeAuthorizationAdvisor' via factory method to bean named 'org.springframework.web.context.support.GenericWebApplicationContext@4d4d8fcf'
2024-06-27T14:12:57.968-05:00 DEBUG 22344 --- [mindcare-backend] [           main] o.s.b.f.s.DefaultListableBeanFactory     : Creating shared instance of singleton bean 'org.springframework.transaction.config.internalTransactionAdvisor'
2024-06-27T14:12:57.968-05:00 DEBUG 22344 --- [mindcare-backend] [           main] o.s.b.f.s.DefaultListableBeanFactory     : Creating shared instance of singleton bean 'org.springframework.transaction.annotation.ProxyTransactionManagementConfiguration'
2024-06-27T14:12:57.969-05:00 DEBUG 22344 --- [mindcare-backend] [           main] o.s.b.f.s.DefaultListableBeanFactory     : Creating shared instance of singleton bean 'completionRegisteringAdvisor'
2024-06-27T14:12:57.986-05:00 DEBUG 22344 --- [mindcare-backend] [           main] o.s.b.f.s.DefaultListableBeanFactory     : Creating shared instance of singleton bean 'transactionAttributeSource'
2024-06-27T14:12:57.988-05:00 DEBUG 22344 --- [mindcare-backend] [           main] o.s.b.f.s.DefaultListableBeanFactory     : Creating shared instance of singleton bean 'transactionInterceptor'
2024-06-27T14:12:57.989-05:00 DEBUG 22344 --- [mindcare-backend] [           main] o.s.b.f.s.DefaultListableBeanFactory     : Autowiring by type from bean name 'transactionInterceptor' via factory method to bean named 'transactionAttributeSource'
2024-06-27T14:12:57.998-05:00 DEBUG 22344 --- [mindcare-backend] [           main] o.s.b.f.s.DefaultListableBeanFactory     : Autowiring by type from bean name 'org.springframework.transaction.config.internalTransactionAdvisor' via factory method to bean named 'transactionAttributeSource'
2024-06-27T14:12:57.998-05:00 DEBUG 22344 --- [mindcare-backend] [           main] o.s.b.f.s.DefaultListableBeanFactory     : Autowiring by type from bean name 'org.springframework.transaction.config.internalTransactionAdvisor' via factory method to bean named 'transactionInterceptor'
2024-06-27T14:12:58.024-05:00 DEBUG 22344 --- [mindcare-backend] [           main] o.s.b.f.s.DefaultListableBeanFactory     : Creating shared instance of singleton bean 'asyncPropertiesDefaulter'
2024-06-27T14:12:58.025-05:00 DEBUG 22344 --- [mindcare-backend] [           main] o.s.b.f.s.DefaultListableBeanFactory     : Autowiring by type from bean name 'asyncPropertiesDefaulter' via factory method to bean named 'environment'
2024-06-27T14:12:58.029-05:00 DEBUG 22344 --- [mindcare-backend] [           main] o.s.b.f.s.DefaultListableBeanFactory     : Creating shared instance of singleton bean 'applicationEventMulticaster'
2024-06-27T14:12:58.038-05:00 DEBUG 22344 --- [mindcare-backend] [           main] o.s.u.c.s.UiApplicationContextUtils      : Unable to locate ThemeSource with name 'themeSource': using default [org.springframework.ui.context.support.ResourceBundleThemeSource@33e0c716]
2024-06-27T14:12:58.041-05:00 DEBUG 22344 --- [mindcare-backend] [           main] o.s.b.f.s.DefaultListableBeanFactory     : Creating shared instance of singleton bean 'dataSourceScriptDatabaseInitializer'
2024-06-27T14:12:58.041-05:00 DEBUG 22344 --- [mindcare-backend] [           main] o.s.b.f.s.DefaultListableBeanFactory     : Creating shared instance of singleton bean 'org.springframework.boot.autoconfigure.sql.init.DataSourceInitializationConfiguration'
2024-06-27T14:12:58.043-05:00 DEBUG 22344 --- [mindcare-backend] [           main] o.s.b.f.s.DefaultListableBeanFactory     : Creating shared instance of singleton bean 'dataSource'
2024-06-27T14:12:58.043-05:00 DEBUG 22344 --- [mindcare-backend] [           main] o.s.b.f.s.DefaultListableBeanFactory     : Creating shared instance of singleton bean 'org.springframework.boot.autoconfigure.jdbc.DataSourceConfiguration$Hikari'
2024-06-27T14:12:58.044-05:00 DEBUG 22344 --- [mindcare-backend] [           main] o.s.b.f.s.DefaultListableBeanFactory     : Creating shared instance of singleton bean 'spring.datasource-org.springframework.boot.autoconfigure.jdbc.DataSourceProperties'
2024-06-27T14:12:58.045-05:00 DEBUG 22344 --- [mindcare-backend] [           main] o.s.b.f.s.DefaultListableBeanFactory     : Creating shared instance of singleton bean 'org.springframework.boot.context.properties.BoundConfigurationProperties'
2024-06-27T14:12:58.059-05:00 DEBUG 22344 --- [mindcare-backend] [           main] o.s.b.f.s.DefaultListableBeanFactory     : Creating shared instance of singleton bean 'jdbcConnectionDetails'
2024-06-27T14:12:58.060-05:00 DEBUG 22344 --- [mindcare-backend] [           main] o.s.b.f.s.DefaultListableBeanFactory     : Creating shared instance of singleton bean 'org.springframework.boot.autoconfigure.jdbc.DataSourceAutoConfiguration$PooledDataSourceConfiguration'
2024-06-27T14:12:58.061-05:00 DEBUG 22344 --- [mindcare-backend] [           main] o.s.b.f.s.DefaultListableBeanFactory     : Autowiring by type from bean name 'jdbcConnectionDetails' via factory method to bean named 'spring.datasource-org.springframework.boot.autoconfigure.jdbc.DataSourceProperties'
2024-06-27T14:12:58.062-05:00 DEBUG 22344 --- [mindcare-backend] [           main] o.s.b.f.s.DefaultListableBeanFactory     : Autowiring by type from bean name 'dataSource' via factory method to bean named 'spring.datasource-org.springframework.boot.autoconfigure.jdbc.DataSourceProperties'
2024-06-27T14:12:58.062-05:00 DEBUG 22344 --- [mindcare-backend] [           main] o.s.b.f.s.DefaultListableBeanFactory     : Autowiring by type from bean name 'dataSource' via factory method to bean named 'jdbcConnectionDetails'
2024-06-27T14:12:58.067-05:00 DEBUG 22344 --- [mindcare-backend] [           main] com.zaxxer.hikari.HikariConfig           : Driver class org.postgresql.Driver found in Thread context class loader jdk.internal.loader.ClassLoaders$AppClassLoader@70dea4e
2024-06-27T14:12:58.092-05:00 DEBUG 22344 --- [mindcare-backend] [           main] o.s.b.f.s.DefaultListableBeanFactory     : Creating shared instance of singleton bean 'spring.sql.init-org.springframework.boot.autoconfigure.sql.init.SqlInitializationProperties'
2024-06-27T14:12:58.096-05:00 DEBUG 22344 --- [mindcare-backend] [           main] o.s.b.f.s.DefaultListableBeanFactory     : Autowiring by type from bean name 'dataSourceScriptDatabaseInitializer' via factory method to bean named 'dataSource'
2024-06-27T14:12:58.096-05:00 DEBUG 22344 --- [mindcare-backend] [           main] o.s.b.f.s.DefaultListableBeanFactory     : Autowiring by type from bean name 'dataSourceScriptDatabaseInitializer' via factory method to bean named 'spring.sql.init-org.springframework.boot.autoconfigure.sql.init.SqlInitializationProperties'
2024-06-27T14:12:58.109-05:00 DEBUG 22344 --- [mindcare-backend] [           main] o.s.b.f.s.DefaultListableBeanFactory     : Creating shared instance of singleton bean 'entityManagerFactory'
2024-06-27T14:12:58.110-05:00 DEBUG 22344 --- [mindcare-backend] [           main] o.s.b.f.s.DefaultListableBeanFactory     : Creating shared instance of singleton bean 'org.springframework.boot.autoconfigure.orm.jpa.HibernateJpaConfiguration'
2024-06-27T14:12:58.111-05:00 DEBUG 22344 --- [mindcare-backend] [           main] o.s.b.f.s.DefaultListableBeanFactory     : Creating shared instance of singleton bean 'spring.jpa-org.springframework.boot.autoconfigure.orm.jpa.JpaProperties'
2024-06-27T14:12:58.123-05:00 DEBUG 22344 --- [mindcare-backend] [           main] o.s.b.f.s.DefaultListableBeanFactory     : Creating shared instance of singleton bean 'spring.jpa.hibernate-org.springframework.boot.autoconfigure.orm.jpa.HibernateProperties'
2024-06-27T14:12:58.126-05:00 DEBUG 22344 --- [mindcare-backend] [           main] o.s.b.f.s.DefaultListableBeanFactory     : Autowiring by type from bean name 'org.springframework.boot.autoconfigure.orm.jpa.HibernateJpaConfiguration' via constructor to bean named 'dataSource'
2024-06-27T14:12:58.126-05:00 DEBUG 22344 --- [mindcare-backend] [           main] o.s.b.f.s.DefaultListableBeanFactory     : Autowiring by type from bean name 'org.springframework.boot.autoconfigure.orm.jpa.HibernateJpaConfiguration' via constructor to bean named 'spring.jpa-org.springframework.boot.autoconfigure.orm.jpa.JpaProperties'
2024-06-27T14:12:58.126-05:00 DEBUG 22344 --- [mindcare-backend] [           main] o.s.b.f.s.DefaultListableBeanFactory     : Autowiring by type from bean name 'org.springframework.boot.autoconfigure.orm.jpa.HibernateJpaConfiguration' via constructor to bean named 'org.springframework.beans.factory.support.DefaultListableBeanFactory@ba1f559'
2024-06-27T14:12:58.126-05:00 DEBUG 22344 --- [mindcare-backend] [           main] o.s.b.f.s.DefaultListableBeanFactory     : Autowiring by type from bean name 'org.springframework.boot.autoconfigure.orm.jpa.HibernateJpaConfiguration' via constructor to bean named 'spring.jpa.hibernate-org.springframework.boot.autoconfigure.orm.jpa.HibernateProperties'
2024-06-27T14:12:58.131-05:00 DEBUG 22344 --- [mindcare-backend] [           main] o.s.b.f.s.DefaultListableBeanFactory     : Creating shared instance of singleton bean 'hikariPoolDataSourceMetadataProvider'
2024-06-27T14:12:58.131-05:00 DEBUG 22344 --- [mindcare-backend] [           main] o.s.b.f.s.DefaultListableBeanFactory     : Creating shared instance of singleton bean 'org.springframework.boot.autoconfigure.jdbc.metadata.DataSourcePoolMetadataProvidersConfiguration$HikariPoolDataSourceMetadataProviderConfiguration'
2024-06-27T14:12:58.138-05:00 DEBUG 22344 --- [mindcare-backend] [           main] o.s.b.f.s.DefaultListableBeanFactory     : Creating shared instance of singleton bean 'entityManagerFactoryBuilder'
2024-06-27T14:12:58.139-05:00 DEBUG 22344 --- [mindcare-backend] [           main] o.s.b.f.s.DefaultListableBeanFactory     : Creating shared instance of singleton bean 'jpaVendorAdapter'
2024-06-27T14:12:58.155-05:00 DEBUG 22344 --- [mindcare-backend] [           main] o.s.b.f.s.DefaultListableBeanFactory     : Autowiring by type from bean name 'entityManagerFactoryBuilder' via factory method to bean named 'jpaVendorAdapter'
2024-06-27T14:12:58.163-05:00 DEBUG 22344 --- [mindcare-backend] [           main] o.s.b.f.s.DefaultListableBeanFactory     : Creating shared instance of singleton bean 'persistenceManagedTypes'
2024-06-27T14:12:58.164-05:00 DEBUG 22344 --- [mindcare-backend] [           main] o.s.b.f.s.DefaultListableBeanFactory     : Autowiring by type from bean name 'persistenceManagedTypes' via factory method to bean named 'org.springframework.beans.factory.support.DefaultListableBeanFactory@ba1f559'
2024-06-27T14:12:58.164-05:00 DEBUG 22344 --- [mindcare-backend] [           main] o.s.b.f.s.DefaultListableBeanFactory     : Autowiring by type from bean name 'persistenceManagedTypes' via factory method to bean named 'org.springframework.web.context.support.GenericWebApplicationContext@4d4d8fcf'
2024-06-27T14:12:58.191-05:00 DEBUG 22344 --- [mindcare-backend] [           main] o.s.b.f.s.DefaultListableBeanFactory     : Autowiring by type from bean name 'entityManagerFactory' via factory method to bean named 'entityManagerFactoryBuilder'
2024-06-27T14:12:58.191-05:00 DEBUG 22344 --- [mindcare-backend] [           main] o.s.b.f.s.DefaultListableBeanFactory     : Autowiring by type from bean name 'entityManagerFactory' via factory method to bean named 'persistenceManagedTypes'
2024-06-27T14:12:58.243-05:00 DEBUG 22344 --- [mindcare-backend] [           main] j.LocalContainerEntityManagerFactoryBean : Building JPA container EntityManagerFactory for persistence unit 'default'
2024-06-27T14:12:58.334-05:00 DEBUG 22344 --- [mindcare-backend] [           main] o.hibernate.jpa.internal.util.LogHelper  : PersistenceUnitInfo [
	name: default
	persistence provider classname: null
	classloader: jdk.internal.loader.ClassLoaders$AppClassLoader@70dea4e
	excludeUnlistedClasses: true
	JTA datasource: null
	Non JTA datasource: HikariDataSource (null)
	Transaction type: RESOURCE_LOCAL
	PU root URL: file:/C:/Users/sebas/.m2/repository/org/springframework/modulith/spring-modulith-events-jpa/1.1.4/spring-modulith-events-jpa-1.1.4.jar
	Shared Cache Mode: UNSPECIFIED
	Validation Mode: AUTO
	Jar files URLs []
	Managed classes names [
		pe.edu.upc.mind.care.platform.appointmentManagement.domain.model.aggregates.Appointment
		pe.edu.upc.mind.care.platform.appointmentManagement.domain.model.valueobjects.PatientId
		pe.edu.upc.mind.care.platform.appointmentManagement.domain.model.valueobjects.PsychologistId
		pe.edu.upc.mind.care.platform.iam.domain.model.aggregates.User
		pe.edu.upc.mind.care.platform.iam.domain.model.entities.Role
		pe.edu.upc.mind.care.platform.NoteManagement.domain.model.aggregates.AppointmentNote
		pe.edu.upc.mind.care.platform.NoteManagement.domain.model.entities.Note
		pe.edu.upc.mind.care.platform.NoteManagement.domain.model.valueobjects.AppointmentId
		pe.edu.upc.mind.care.platform.NoteManagement.domain.model.valueobjects.PatientId
		pe.edu.upc.mind.care.platform.NoteManagement.domain.model.valueobjects.PsychologistId
		pe.edu.upc.mind.care.platform.searchandmatch.domain.model.aggregates.Schedule
		pe.edu.upc.mind.care.platform.searchandmatch.domain.model.entities.Reservation
		pe.edu.upc.mind.care.platform.searchandmatch.domain.model.valueobjects.PatientId
		pe.edu.upc.mind.care.platform.searchandmatch.domain.model.valueobjects.PsychologistId
		pe.edu.upc.mind.care.platform.shared.domain.model.aggregate.AuditableAbstractAggregateRoot
		pe.edu.upc.mind.care.platform.shared.domain.model.entity.AuditableModel
		pe.edu.upc.mind.care.platform.therapymanagement.domain.model.aggregates.Financial
		pe.edu.upc.mind.care.platform.therapymanagement.domain.model.entities.Transaction
		pe.edu.upc.mind.care.platform.therapymanagement.domain.model.valueobjects.PatientId
		pe.edu.upc.mind.care.platform.therapymanagement.domain.model.valueobjects.PyschologistId
		pe.edu.upc.mind.care.platform.therapymanagement.domain.model.valueobjects.ReservationId
		org.springframework.modulith.events.jpa.JpaEventPublication
		org.springframework.modulith.events.jpa]
	Mapping files names []
	Properties []
2024-06-27T14:12:58.362-05:00 DEBUG 22344 --- [mindcare-backend] [           main] o.h.i.internal.IntegratorServiceImpl     : Adding Integrator [org.hibernate.boot.beanvalidation.BeanValidationIntegrator].
2024-06-27T14:12:58.364-05:00 DEBUG 22344 --- [mindcare-backend] [           main] o.h.i.internal.IntegratorServiceImpl     : Adding Integrator [org.hibernate.cache.internal.CollectionCacheInvalidator].
2024-06-27T14:12:58.471-05:00  INFO 22344 --- [mindcare-backend] [           main] org.hibernate.Version                    : HHH000412: Hibernate ORM core version 6.4.8.Final
2024-06-27T14:12:58.473-05:00 DEBUG 22344 --- [mindcare-backend] [           main] org.hibernate.cfg.Environment            : HHH000206: 'hibernate.properties' not found
2024-06-27T14:12:58.499-05:00 DEBUG 22344 --- [mindcare-backend] [           main] org.hibernate.orm.idgen.factory          : Registering IdentifierGenerator strategy [uuid2] -> [org.hibernate.id.UUIDGenerator]
2024-06-27T14:12:58.500-05:00 DEBUG 22344 --- [mindcare-backend] [           main] org.hibernate.orm.idgen.factory          : Registering IdentifierGenerator strategy [guid] -> [org.hibernate.id.GUIDGenerator]
2024-06-27T14:12:58.500-05:00 DEBUG 22344 --- [mindcare-backend] [           main] org.hibernate.orm.idgen.factory          : Registering IdentifierGenerator strategy [uuid] -> [org.hibernate.id.UUIDHexGenerator]
2024-06-27T14:12:58.500-05:00 DEBUG 22344 --- [mindcare-backend] [           main] org.hibernate.orm.idgen.factory          : Registering IdentifierGenerator strategy [uuid.hex] -> [org.hibernate.id.UUIDHexGenerator]
2024-06-27T14:12:58.500-05:00 DEBUG 22344 --- [mindcare-backend] [           main] org.hibernate.orm.idgen.factory          : Registering IdentifierGenerator strategy [assigned] -> [org.hibernate.id.Assigned]
2024-06-27T14:12:58.502-05:00 DEBUG 22344 --- [mindcare-backend] [           main] org.hibernate.orm.idgen.factory          : Registering IdentifierGenerator strategy [identity] -> [org.hibernate.id.IdentityGenerator]
2024-06-27T14:12:58.502-05:00 DEBUG 22344 --- [mindcare-backend] [           main] org.hibernate.orm.idgen.factory          : Registering IdentifierGenerator strategy [select] -> [org.hibernate.id.SelectGenerator]
2024-06-27T14:12:58.503-05:00 DEBUG 22344 --- [mindcare-backend] [           main] org.hibernate.orm.idgen.factory          : Registering IdentifierGenerator strategy [sequence] -> [org.hibernate.id.enhanced.SequenceStyleGenerator]
2024-06-27T14:12:58.503-05:00 DEBUG 22344 --- [mindcare-backend] [           main] org.hibernate.orm.idgen.factory          : Registering IdentifierGenerator strategy [increment] -> [org.hibernate.id.IncrementGenerator]
2024-06-27T14:12:58.504-05:00 DEBUG 22344 --- [mindcare-backend] [           main] org.hibernate.orm.idgen.factory          : Registering IdentifierGenerator strategy [foreign] -> [org.hibernate.id.ForeignGenerator]
2024-06-27T14:12:58.504-05:00 DEBUG 22344 --- [mindcare-backend] [           main] org.hibernate.orm.idgen.factory          : Registering IdentifierGenerator strategy [enhanced-sequence] -> [org.hibernate.id.enhanced.SequenceStyleGenerator]
2024-06-27T14:12:58.505-05:00 DEBUG 22344 --- [mindcare-backend] [           main] org.hibernate.orm.idgen.factory          : Registering IdentifierGenerator strategy [enhanced-table] -> [org.hibernate.id.enhanced.TableGenerator]
2024-06-27T14:12:58.510-05:00 DEBUG 22344 --- [mindcare-backend] [           main] o.h.c.internal.RegionFactoryInitiator    : Cannot default RegionFactory based on registered strategies as `[]` RegionFactory strategies were registered
2024-06-27T14:12:58.511-05:00  INFO 22344 --- [mindcare-backend] [           main] o.h.c.internal.RegionFactoryInitiator    : HHH000026: Second-level cache disabled
2024-06-27T14:12:58.596-05:00 DEBUG 22344 --- [mindcare-backend] [           main] org.hibernate.type.BasicTypeRegistry     : Adding type registration boolean -> org.hibernate.type.BasicTypeReference@36ad5f2a
2024-06-27T14:12:58.598-05:00 DEBUG 22344 --- [mindcare-backend] [           main] org.hibernate.type.BasicTypeRegistry     : Adding type registration boolean -> org.hibernate.type.BasicTypeReference@36ad5f2a
2024-06-27T14:12:58.598-05:00 DEBUG 22344 --- [mindcare-backend] [           main] org.hibernate.type.BasicTypeRegistry     : Adding type registration java.lang.Boolean -> org.hibernate.type.BasicTypeReference@36ad5f2a
2024-06-27T14:12:58.598-05:00 DEBUG 22344 --- [mindcare-backend] [           main] org.hibernate.type.BasicTypeRegistry     : Adding type registration numeric_boolean -> org.hibernate.type.BasicTypeReference@53cddaf8
2024-06-27T14:12:58.598-05:00 DEBUG 22344 --- [mindcare-backend] [           main] org.hibernate.type.BasicTypeRegistry     : Adding type registration org.hibernate.type.NumericBooleanConverter -> org.hibernate.type.BasicTypeReference@53cddaf8
2024-06-27T14:12:58.598-05:00 DEBUG 22344 --- [mindcare-backend] [           main] org.hibernate.type.BasicTypeRegistry     : Adding type registration true_false -> org.hibernate.type.BasicTypeReference@55c50f52
2024-06-27T14:12:58.598-05:00 DEBUG 22344 --- [mindcare-backend] [           main] org.hibernate.type.BasicTypeRegistry     : Adding type registration org.hibernate.type.TrueFalseConverter -> org.hibernate.type.BasicTypeReference@55c50f52
2024-06-27T14:12:58.598-05:00 DEBUG 22344 --- [mindcare-backend] [           main] org.hibernate.type.BasicTypeRegistry     : Adding type registration yes_no -> org.hibernate.type.BasicTypeReference@1ccc1026
2024-06-27T14:12:58.598-05:00 DEBUG 22344 --- [mindcare-backend] [           main] org.hibernate.type.BasicTypeRegistry     : Adding type registration org.hibernate.type.YesNoConverter -> org.hibernate.type.BasicTypeReference@1ccc1026
2024-06-27T14:12:58.598-05:00 DEBUG 22344 --- [mindcare-backend] [           main] org.hibernate.type.BasicTypeRegistry     : Adding type registration byte -> org.hibernate.type.BasicTypeReference@4044589a
2024-06-27T14:12:58.598-05:00 DEBUG 22344 --- [mindcare-backend] [           main] org.hibernate.type.BasicTypeRegistry     : Adding type registration byte -> org.hibernate.type.BasicTypeReference@4044589a
2024-06-27T14:12:58.598-05:00 DEBUG 22344 --- [mindcare-backend] [           main] org.hibernate.type.BasicTypeRegistry     : Adding type registration java.lang.Byte -> org.hibernate.type.BasicTypeReference@4044589a
2024-06-27T14:12:58.598-05:00 DEBUG 22344 --- [mindcare-backend] [           main] org.hibernate.type.BasicTypeRegistry     : Adding type registration binary -> org.hibernate.type.BasicTypeReference@7de35070
2024-06-27T14:12:58.598-05:00 DEBUG 22344 --- [mindcare-backend] [           main] org.hibernate.type.BasicTypeRegistry     : Adding type registration byte[] -> org.hibernate.type.BasicTypeReference@7de35070
2024-06-27T14:12:58.598-05:00 DEBUG 22344 --- [mindcare-backend] [           main] org.hibernate.type.BasicTypeRegistry     : Adding type registration [B -> org.hibernate.type.BasicTypeReference@7de35070
2024-06-27T14:12:58.598-05:00 DEBUG 22344 --- [mindcare-backend] [           main] org.hibernate.type.BasicTypeRegistry     : Adding type registration binary_wrapper -> org.hibernate.type.BasicTypeReference@216f01
2024-06-27T14:12:58.598-05:00 DEBUG 22344 --- [mindcare-backend] [           main] org.hibernate.type.BasicTypeRegistry     : Adding type registration wrapper-binary -> org.hibernate.type.BasicTypeReference@216f01
2024-06-27T14:12:58.598-05:00 DEBUG 22344 --- [mindcare-backend] [           main] org.hibernate.type.BasicTypeRegistry     : Adding type registration image -> org.hibernate.type.BasicTypeReference@7c901203
2024-06-27T14:12:58.598-05:00 DEBUG 22344 --- [mindcare-backend] [           main] org.hibernate.type.BasicTypeRegistry     : Adding type registration blob -> org.hibernate.type.BasicTypeReference@1e721583
2024-06-27T14:12:58.598-05:00 DEBUG 22344 --- [mindcare-backend] [           main] org.hibernate.type.BasicTypeRegistry     : Adding type registration java.sql.Blob -> org.hibernate.type.BasicTypeReference@1e721583
2024-06-27T14:12:58.598-05:00 DEBUG 22344 --- [mindcare-backend] [           main] org.hibernate.type.BasicTypeRegistry     : Adding type registration materialized_blob -> org.hibernate.type.BasicTypeReference@79f5a6ed
2024-06-27T14:12:58.598-05:00 DEBUG 22344 --- [mindcare-backend] [           main] org.hibernate.type.BasicTypeRegistry     : Adding type registration materialized_blob_wrapper -> org.hibernate.type.BasicTypeReference@722787b5
2024-06-27T14:12:58.599-05:00 DEBUG 22344 --- [mindcare-backend] [           main] org.hibernate.type.BasicTypeRegistry     : Adding type registration short -> org.hibernate.type.BasicTypeReference@edb83f8
2024-06-27T14:12:58.599-05:00 DEBUG 22344 --- [mindcare-backend] [           main] org.hibernate.type.BasicTypeRegistry     : Adding type registration short -> org.hibernate.type.BasicTypeReference@edb83f8
2024-06-27T14:12:58.599-05:00 DEBUG 22344 --- [mindcare-backend] [           main] org.hibernate.type.BasicTypeRegistry     : Adding type registration java.lang.Short -> org.hibernate.type.BasicTypeReference@edb83f8
2024-06-27T14:12:58.599-05:00 DEBUG 22344 --- [mindcare-backend] [           main] org.hibernate.type.BasicTypeRegistry     : Adding type registration integer -> org.hibernate.type.BasicTypeReference@8b41ad
2024-06-27T14:12:58.599-05:00 DEBUG 22344 --- [mindcare-backend] [           main] org.hibernate.type.BasicTypeRegistry     : Adding type registration int -> org.hibernate.type.BasicTypeReference@8b41ad
2024-06-27T14:12:58.599-05:00 DEBUG 22344 --- [mindcare-backend] [           main] org.hibernate.type.BasicTypeRegistry     : Adding type registration java.lang.Integer -> org.hibernate.type.BasicTypeReference@8b41ad
2024-06-27T14:12:58.599-05:00 DEBUG 22344 --- [mindcare-backend] [           main] org.hibernate.type.BasicTypeRegistry     : Adding type registration long -> org.hibernate.type.BasicTypeReference@541d4d9f
2024-06-27T14:12:58.599-05:00 DEBUG 22344 --- [mindcare-backend] [           main] org.hibernate.type.BasicTypeRegistry     : Adding type registration long -> org.hibernate.type.BasicTypeReference@541d4d9f
2024-06-27T14:12:58.599-05:00 DEBUG 22344 --- [mindcare-backend] [           main] org.hibernate.type.BasicTypeRegistry     : Adding type registration java.lang.Long -> org.hibernate.type.BasicTypeReference@541d4d9f
2024-06-27T14:12:58.599-05:00 DEBUG 22344 --- [mindcare-backend] [           main] org.hibernate.type.BasicTypeRegistry     : Adding type registration float -> org.hibernate.type.BasicTypeReference@1a497286
2024-06-27T14:12:58.599-05:00 DEBUG 22344 --- [mindcare-backend] [           main] org.hibernate.type.BasicTypeRegistry     : Adding type registration float -> org.hibernate.type.BasicTypeReference@1a497286
2024-06-27T14:12:58.599-05:00 DEBUG 22344 --- [mindcare-backend] [           main] org.hibernate.type.BasicTypeRegistry     : Adding type registration java.lang.Float -> org.hibernate.type.BasicTypeReference@1a497286
2024-06-27T14:12:58.599-05:00 DEBUG 22344 --- [mindcare-backend] [           main] org.hibernate.type.BasicTypeRegistry     : Adding type registration double -> org.hibernate.type.BasicTypeReference@48dff674
2024-06-27T14:12:58.599-05:00 DEBUG 22344 --- [mindcare-backend] [           main] org.hibernate.type.BasicTypeRegistry     : Adding type registration double -> org.hibernate.type.BasicTypeReference@48dff674
2024-06-27T14:12:58.599-05:00 DEBUG 22344 --- [mindcare-backend] [           main] org.hibernate.type.BasicTypeRegistry     : Adding type registration java.lang.Double -> org.hibernate.type.BasicTypeReference@48dff674
2024-06-27T14:12:58.599-05:00 DEBUG 22344 --- [mindcare-backend] [           main] org.hibernate.type.BasicTypeRegistry     : Adding type registration big_integer -> org.hibernate.type.BasicTypeReference@120350eb
2024-06-27T14:12:58.599-05:00 DEBUG 22344 --- [mindcare-backend] [           main] org.hibernate.type.BasicTypeRegistry     : Adding type registration java.math.BigInteger -> org.hibernate.type.BasicTypeReference@120350eb
2024-06-27T14:12:58.599-05:00 DEBUG 22344 --- [mindcare-backend] [           main] org.hibernate.type.BasicTypeRegistry     : Adding type registration big_decimal -> org.hibernate.type.BasicTypeReference@2ccc9681
2024-06-27T14:12:58.599-05:00 DEBUG 22344 --- [mindcare-backend] [           main] org.hibernate.type.BasicTypeRegistry     : Adding type registration java.math.BigDecimal -> org.hibernate.type.BasicTypeReference@2ccc9681
2024-06-27T14:12:58.599-05:00 DEBUG 22344 --- [mindcare-backend] [           main] org.hibernate.type.BasicTypeRegistry     : Adding type registration character -> org.hibernate.type.BasicTypeReference@7d401cdc
2024-06-27T14:12:58.599-05:00 DEBUG 22344 --- [mindcare-backend] [           main] org.hibernate.type.BasicTypeRegistry     : Adding type registration char -> org.hibernate.type.BasicTypeReference@7d401cdc
2024-06-27T14:12:58.599-05:00 DEBUG 22344 --- [mindcare-backend] [           main] org.hibernate.type.BasicTypeRegistry     : Adding type registration java.lang.Character -> org.hibernate.type.BasicTypeReference@7d401cdc
2024-06-27T14:12:58.600-05:00 DEBUG 22344 --- [mindcare-backend] [           main] org.hibernate.type.BasicTypeRegistry     : Adding type registration character_nchar -> org.hibernate.type.BasicTypeReference@4a9b3956
2024-06-27T14:12:58.600-05:00 DEBUG 22344 --- [mindcare-backend] [           main] org.hibernate.type.BasicTypeRegistry     : Adding type registration string -> org.hibernate.type.BasicTypeReference@4217bce6
[...]
	at org.springframework.test.context.cache.DefaultCacheAwareContextLoaderDelegate.loadContext(DefaultCacheAwareContextLoaderDelegate.java:180) ~[spring-test-6.1.8.jar:6.1.8]
	at org.springframework.test.context.support.DefaultTestContext.getApplicationContext(DefaultTestContext.java:130) ~[spring-test-6.1.8.jar:6.1.8]
	at org.springframework.test.context.web.ServletTestExecutionListener.setUpRequestContextIfNecessary(ServletTestExecutionListener.java:191) ~[spring-test-6.1.8.jar:6.1.8]
	at org.springframework.test.context.web.ServletTestExecutionListener.prepareTestInstance(ServletTestExecutionListener.java:130) ~[spring-test-6.1.8.jar:6.1.8]
	at org.springframework.test.context.TestContextManager.prepareTestInstance(TestContextManager.java:260) ~[spring-test-6.1.8.jar:6.1.8]
	at org.springframework.test.context.junit.jupiter.SpringExtension.postProcessTestInstance(SpringExtension.java:163) ~[spring-test-6.1.8.jar:6.1.8]
	at org.junit.jupiter.engine.descriptor.ClassBasedTestDescriptor.lambda$invokeTestInstancePostProcessors$10(ClassBasedTestDescriptor.java:378) ~[junit-jupiter-engine-5.10.2.jar:5.10.2]
	at org.junit.jupiter.engine.descriptor.ClassBasedTestDescriptor.executeAndMaskThrowable(ClassBasedTestDescriptor.java:383) ~[junit-jupiter-engine-5.10.2.jar:5.10.2]
	at org.junit.jupiter.engine.descriptor.ClassBasedTestDescriptor.lambda$invokeTestInstancePostProcessors$11(ClassBasedTestDescriptor.java:378) ~[junit-jupiter-engine-5.10.2.jar:5.10.2]
	at java.base/java.util.stream.ReferencePipeline$3$1.accept(ReferencePipeline.java:197) ~[na:na]
	at java.base/java.util.stream.ReferencePipeline$2$1.accept(ReferencePipeline.java:179) ~[na:na]
	at java.base/java.util.ArrayList$ArrayListSpliterator.forEachRemaining(ArrayList.java:1708) ~[na:na]
	at java.base/java.util.stream.AbstractPipeline.copyInto(AbstractPipeline.java:509) ~[na:na]
	at java.base/java.util.stream.AbstractPipeline.wrapAndCopyInto(AbstractPipeline.java:499) ~[na:na]
	at java.base/java.util.stream.StreamSpliterators$WrappingSpliterator.forEachRemaining(StreamSpliterators.java:310) ~[na:na]
	at java.base/java.util.stream.Streams$ConcatSpliterator.forEachRemaining(Streams.java:735) ~[na:na]
	at java.base/java.util.stream.Streams$ConcatSpliterator.forEachRemaining(Streams.java:734) ~[na:na]
	at java.base/java.util.stream.ReferencePipeline$Head.forEach(ReferencePipeline.java:762) ~[na:na]
	at org.junit.jupiter.engine.descriptor.ClassBasedTestDescriptor.invokeTestInstancePostProcessors(ClassBasedTestDescriptor.java:377) ~[junit-jupiter-engine-5.10.2.jar:5.10.2]
	at org.junit.jupiter.engine.descriptor.ClassBasedTestDescriptor.lambda$instantiateAndPostProcessTestInstance$6(ClassBasedTestDescriptor.java:290) ~[junit-jupiter-engine-5.10.2.jar:5.10.2]
	at org.junit.platform.engine.support.hierarchical.ThrowableCollector.execute(ThrowableCollector.java:73) ~[junit-platform-engine-1.10.2.jar:1.10.2]
	at org.junit.jupiter.engine.descriptor.ClassBasedTestDescriptor.instantiateAndPostProcessTestInstance(ClassBasedTestDescriptor.java:289) ~[junit-jupiter-engine-5.10.2.jar:5.10.2]
	at org.junit.jupiter.engine.descriptor.ClassBasedTestDescriptor.lambda$testInstancesProvider$4(ClassBasedTestDescriptor.java:279) ~[junit-jupiter-engine-5.10.2.jar:5.10.2]
	at java.base/java.util.Optional.orElseGet(Optional.java:364) ~[na:na]
	at org.junit.jupiter.engine.descriptor.ClassBasedTestDescriptor.lambda$testInstancesProvider$5(ClassBasedTestDescriptor.java:278) ~[junit-jupiter-engine-5.10.2.jar:5.10.2]
	at org.junit.jupiter.engine.execution.TestInstancesProvider.getTestInstances(TestInstancesProvider.java:31) ~[junit-jupiter-engine-5.10.2.jar:5.10.2]
	at org.junit.jupiter.engine.descriptor.TestMethodTestDescriptor.lambda$prepare$0(TestMethodTestDescriptor.java:106) ~[junit-jupiter-engine-5.10.2.jar:5.10.2]
	at org.junit.platform.engine.support.hierarchical.ThrowableCollector.execute(ThrowableCollector.java:73) ~[junit-platform-engine-1.10.2.jar:1.10.2]
	at org.junit.jupiter.engine.descriptor.TestMethodTestDescriptor.prepare(TestMethodTestDescriptor.java:105) ~[junit-jupiter-engine-5.10.2.jar:5.10.2]
	at org.junit.jupiter.engine.descriptor.TestMethodTestDescriptor.prepare(TestMethodTestDescriptor.java:69) ~[junit-jupiter-engine-5.10.2.jar:5.10.2]
	at org.junit.platform.engine.support.hierarchical.NodeTestTask.lambda$prepare$2(NodeTestTask.java:123) ~[junit-platform-engine-1.10.2.jar:1.10.2]
	at org.junit.platform.engine.support.hierarchical.ThrowableCollector.execute(ThrowableCollector.java:73) ~[junit-platform-engine-1.10.2.jar:1.10.2]
	at org.junit.platform.engine.support.hierarchical.NodeTestTask.prepare(NodeTestTask.java:123) ~[junit-platform-engine-1.10.2.jar:1.10.2]
	at org.junit.platform.engine.support.hierarchical.NodeTestTask.execute(NodeTestTask.java:90) ~[junit-platform-engine-1.10.2.jar:1.10.2]
	at java.base/java.util.ArrayList.forEach(ArrayList.java:1596) ~[na:na]
	at org.junit.platform.engine.support.hierarchical.SameThreadHierarchicalTestExecutorService.invokeAll(SameThreadHierarchicalTestExecutorService.java:41) ~[junit-platform-engine-1.10.2.jar:1.10.2]
	at org.junit.platform.engine.support.hierarchical.NodeTestTask.lambda$executeRecursively$6(NodeTestTask.java:155) ~[junit-platform-engine-1.10.2.jar:1.10.2]
	at org.junit.platform.engine.support.hierarchical.ThrowableCollector.execute(ThrowableCollector.java:73) ~[junit-platform-engine-1.10.2.jar:1.10.2]
	at org.junit.platform.engine.support.hierarchical.NodeTestTask.lambda$executeRecursively$8(NodeTestTask.java:141) ~[junit-platform-engine-1.10.2.jar:1.10.2]
	at org.junit.platform.engine.support.hierarchical.Node.around(Node.java:137) ~[junit-platform-engine-1.10.2.jar:1.10.2]
	at org.junit.platform.engine.support.hierarchical.NodeTestTask.lambda$executeRecursively$9(NodeTestTask.java:139) ~[junit-platform-engine-1.10.2.jar:1.10.2]
	at org.junit.platform.engine.support.hierarchical.ThrowableCollector.execute(ThrowableCollector.java:73) ~[junit-platform-engine-1.10.2.jar:1.10.2]
	at org.junit.platform.engine.support.hierarchical.NodeTestTask.executeRecursively(NodeTestTask.java:138) ~[junit-platform-engine-1.10.2.jar:1.10.2]
	at org.junit.platform.engine.support.hierarchical.NodeTestTask.execute(NodeTestTask.java:95) ~[junit-platform-engine-1.10.2.jar:1.10.2]
	at java.base/java.util.ArrayList.forEach(ArrayList.java:1596) ~[na:na]
	at org.junit.platform.engine.support.hierarchical.SameThreadHierarchicalTestExecutorService.invokeAll(SameThreadHierarchicalTestExecutorService.java:41) ~[junit-platform-engine-1.10.2.jar:1.10.2]
	at org.junit.platform.engine.support.hierarchical.NodeTestTask.lambda$executeRecursively$6(NodeTestTask.java:155) ~[junit-platform-engine-1.10.2.jar:1.10.2]
	at org.junit.platform.engine.support.hierarchical.ThrowableCollector.execute(ThrowableCollector.java:73) ~[junit-platform-engine-1.10.2.jar:1.10.2]
	at org.junit.platform.engine.support.hierarchical.NodeTestTask.lambda$executeRecursively$8(NodeTestTask.java:141) ~[junit-platform-engine-1.10.2.jar:1.10.2]
	at org.junit.platform.engine.support.hierarchical.Node.around(Node.java:137) ~[junit-platform-engine-1.10.2.jar:1.10.2]
	at org.junit.platform.engine.support.hierarchical.NodeTestTask.lambda$executeRecursively$9(NodeTestTask.java:139) ~[junit-platform-engine-1.10.2.jar:1.10.2]
	at org.junit.platform.engine.support.hierarchical.ThrowableCollector.execute(ThrowableCollector.java:73) ~[junit-platform-engine-1.10.2.jar:1.10.2]
	at org.junit.platform.engine.support.hierarchical.NodeTestTask.executeRecursively(NodeTestTask.java:138) ~[junit-platform-engine-1.10.2.jar:1.10.2]
	at org.junit.platform.engine.support.hierarchical.NodeTestTask.execute(NodeTestTask.java:95) ~[junit-platform-engine-1.10.2.jar:1.10.2]
	at org.junit.platform.engine.support.hierarchical.SameThreadHierarchicalTestExecutorService.submit(SameThreadHierarchicalTestExecutorService.java:35) ~[junit-platform-engine-1.10.2.jar:1.10.2]
	at org.junit.platform.engine.support.hierarchical.HierarchicalTestExecutor.execute(HierarchicalTestExecutor.java:57) ~[junit-platform-engine-1.10.2.jar:1.10.2]
	at org.junit.platform.engine.support.hierarchical.HierarchicalTestEngine.execute(HierarchicalTestEngine.java:54) ~[junit-platform-engine-1.10.2.jar:1.10.2]
	at org.junit.platform.launcher.core.EngineExecutionOrchestrator.execute(EngineExecutionOrchestrator.java:198) ~[junit-platform-launcher-1.10.2.jar:1.10.2]
	at org.junit.platform.launcher.core.EngineExecutionOrchestrator.execute(EngineExecutionOrchestrator.java:169) ~[junit-platform-launcher-1.10.2.jar:1.10.2]
	at org.junit.platform.launcher.core.EngineExecutionOrchestrator.execute(EngineExecutionOrchestrator.java:93) ~[junit-platform-launcher-1.10.2.jar:1.10.2]
	at org.junit.platform.launcher.core.EngineExecutionOrchestrator.lambda$execute$0(EngineExecutionOrchestrator.java:58) ~[junit-platform-launcher-1.10.2.jar:1.10.2]
	at org.junit.platform.launcher.core.EngineExecutionOrchestrator.withInterceptedStreams(EngineExecutionOrchestrator.java:141) ~[junit-platform-launcher-1.10.2.jar:1.10.2]
	at org.junit.platform.launcher.core.EngineExecutionOrchestrator.execute(EngineExecutionOrchestrator.java:57) ~[junit-platform-launcher-1.10.2.jar:1.10.2]
	at org.junit.platform.launcher.core.DefaultLauncher.execute(DefaultLauncher.java:103) ~[junit-platform-launcher-1.10.2.jar:1.10.2]
	at org.junit.platform.launcher.core.DefaultLauncher.execute(DefaultLauncher.java:85) ~[junit-platform-launcher-1.10.2.jar:1.10.2]
	at org.junit.platform.launcher.core.DelegatingLauncher.execute(DelegatingLauncher.java:47) ~[junit-platform-launcher-1.10.2.jar:1.10.2]
	at org.apache.maven.surefire.junitplatform.LazyLauncher.execute(LazyLauncher.java:56) ~[surefire-junit-platform-3.1.2.jar:3.1.2]
	at org.apache.maven.surefire.junitplatform.JUnitPlatformProvider.execute(JUnitPlatformProvider.java:184) ~[surefire-junit-platform-3.1.2.jar:3.1.2]
	at org.apache.maven.surefire.junitplatform.JUnitPlatformProvider.invokeAllTests(JUnitPlatformProvider.java:148) ~[surefire-junit-platform-3.1.2.jar:3.1.2]
	at org.apache.maven.surefire.junitplatform.JUnitPlatformProvider.invoke(JUnitPlatformProvider.java:122) ~[surefire-junit-platform-3.1.2.jar:3.1.2]
	at org.apache.maven.surefire.booter.ForkedBooter.runSuitesInProcess(ForkedBooter.java:385) ~[surefire-booter-3.1.2.jar:3.1.2]
	at org.apache.maven.surefire.booter.ForkedBooter.execute(ForkedBooter.java:162) ~[surefire-booter-3.1.2.jar:3.1.2]
	at org.apache.maven.surefire.booter.ForkedBooter.run(ForkedBooter.java:507) ~[surefire-booter-3.1.2.jar:3.1.2]
	at org.apache.maven.surefire.booter.ForkedBooter.main(ForkedBooter.java:495) ~[surefire-booter-3.1.2.jar:3.1.2]
Caused by: org.springframework.beans.factory.UnsatisfiedDependencyException: Error creating bean with name 'userCommandServiceImpl' defined in file [C:\Users\sebas\OneDrive\Escritorio\Sebas\UPC\Desarrollo de Aplicaciones Open Source\mindcare-backend\target\classes\pe\edu\upc\mind\care\platform\iam\application\internal\commandservices\UserCommandServiceImpl.class]: Unsatisfied dependency expressed through constructor parameter 2: Error creating bean with name 'tokenServiceImpl': Injection of autowired dependencies failed
	at org.springframework.beans.factory.support.ConstructorResolver.createArgumentArray(ConstructorResolver.java:795) ~[spring-beans-6.1.8.jar:6.1.8]
	at org.springframework.beans.factory.support.ConstructorResolver.autowireConstructor(ConstructorResolver.java:237) ~[spring-beans-6.1.8.jar:6.1.8]
	at org.springframework.beans.factory.support.AbstractAutowireCapableBeanFactory.autowireConstructor(AbstractAutowireCapableBeanFactory.java:1357) ~[spring-beans-6.1.8.jar:6.1.8]
	at org.springframework.beans.factory.support.AbstractAutowireCapableBeanFactory.createBeanInstance(AbstractAutowireCapableBeanFactory.java:1194) ~[spring-beans-6.1.8.jar:6.1.8]
	at org.springframework.beans.factory.support.AbstractAutowireCapableBeanFactory.doCreateBean(AbstractAutowireCapableBeanFactory.java:562) ~[spring-beans-6.1.8.jar:6.1.8]
	at org.springframework.beans.factory.support.AbstractAutowireCapableBeanFactory.createBean(AbstractAutowireCapableBeanFactory.java:522) ~[spring-beans-6.1.8.jar:6.1.8]
	at org.springframework.beans.factory.support.AbstractBeanFactory.lambda$doGetBean$0(AbstractBeanFactory.java:337) ~[spring-beans-6.1.8.jar:6.1.8]
	at org.springframework.beans.factory.support.DefaultSingletonBeanRegistry.getSingleton(DefaultSingletonBeanRegistry.java:234) ~[spring-beans-6.1.8.jar:6.1.8]
	at org.springframework.beans.factory.support.AbstractBeanFactory.doGetBean(AbstractBeanFactory.java:335) ~[spring-beans-6.1.8.jar:6.1.8]
	at org.springframework.beans.factory.support.AbstractBeanFactory.getBean(AbstractBeanFactory.java:200) ~[spring-beans-6.1.8.jar:6.1.8]
	at org.springframework.beans.factory.support.DefaultListableBeanFactory.preInstantiateSingletons(DefaultListableBeanFactory.java:975) ~[spring-beans-6.1.8.jar:6.1.8]
	at org.springframework.context.support.AbstractApplicationContext.finishBeanFactoryInitialization(AbstractApplicationContext.java:962) ~[spring-context-6.1.8.jar:6.1.8]
	at org.springframework.context.support.AbstractApplicationContext.refresh(AbstractApplicationContext.java:624) ~[spring-context-6.1.8.jar:6.1.8]
	at org.springframework.boot.SpringApplication.refresh(SpringApplication.java:754) ~[spring-boot-3.2.6.jar:3.2.6]
	at org.springframework.boot.SpringApplication.refreshContext(SpringApplication.java:456) ~[spring-boot-3.2.6.jar:3.2.6]
	at org.springframework.boot.SpringApplication.run(SpringApplication.java:335) ~[spring-boot-3.2.6.jar:3.2.6]
	at org.springframework.boot.test.context.SpringBootContextLoader.lambda$loadContext$3(SpringBootContextLoader.java:137) ~[spring-boot-test-3.2.6.jar:3.2.6]
	at org.springframework.util.function.ThrowingSupplier.get(ThrowingSupplier.java:58) ~[spring-core-6.1.8.jar:6.1.8]
	at org.springframework.util.function.ThrowingSupplier.get(ThrowingSupplier.java:46) ~[spring-core-6.1.8.jar:6.1.8]
	at org.springframework.boot.SpringApplication.withHook(SpringApplication.java:1463) ~[spring-boot-3.2.6.jar:3.2.6]
	at org.springframework.boot.test.context.SpringBootContextLoader$ContextLoaderHook.run(SpringBootContextLoader.java:553) ~[spring-boot-test-3.2.6.jar:3.2.6]
	at org.springframework.boot.test.context.SpringBootContextLoader.loadContext(SpringBootContextLoader.java:137) ~[spring-boot-test-3.2.6.jar:3.2.6]
	at org.springframework.boot.test.context.SpringBootContextLoader.loadContext(SpringBootContextLoader.java:108) ~[spring-boot-test-3.2.6.jar:3.2.6]
	at org.springframework.test.context.cache.DefaultCacheAwareContextLoaderDelegate.loadContextInternal(DefaultCacheAwareContextLoaderDelegate.java:225) ~[spring-test-6.1.8.jar:6.1.8]
	at org.springframework.test.context.cache.DefaultCacheAwareContextLoaderDelegate.loadContext(DefaultCacheAwareContextLoaderDelegate.java:152) ~[spring-test-6.1.8.jar:6.1.8]
	... 73 common frames omitted
Caused by: org.springframework.beans.factory.BeanCreationException: Error creating bean with name 'tokenServiceImpl': Injection of autowired dependencies failed
	at org.springframework.beans.factory.annotation.AutowiredAnnotationBeanPostProcessor.postProcessProperties(AutowiredAnnotationBeanPostProcessor.java:514) ~[spring-beans-6.1.8.jar:6.1.8]
	at org.springframework.beans.factory.support.AbstractAutowireCapableBeanFactory.populateBean(AbstractAutowireCapableBeanFactory.java:1421) ~[spring-beans-6.1.8.jar:6.1.8]
	at org.springframework.beans.factory.support.AbstractAutowireCapableBeanFactory.doCreateBean(AbstractAutowireCapableBeanFactory.java:599) ~[spring-beans-6.1.8.jar:6.1.8]
	at org.springframework.beans.factory.support.AbstractAutowireCapableBeanFactory.createBean(AbstractAutowireCapableBeanFactory.java:522) ~[spring-beans-6.1.8.jar:6.1.8]
	at org.springframework.beans.factory.support.AbstractBeanFactory.lambda$doGetBean$0(AbstractBeanFactory.java:337) ~[spring-beans-6.1.8.jar:6.1.8]
	at org.springframework.beans.factory.support.DefaultSingletonBeanRegistry.getSingleton(DefaultSingletonBeanRegistry.java:234) ~[spring-beans-6.1.8.jar:6.1.8]
	at org.springframework.beans.factory.support.AbstractBeanFactory.doGetBean(AbstractBeanFactory.java:335) ~[spring-beans-6.1.8.jar:6.1.8]
	at org.springframework.beans.factory.support.AbstractBeanFactory.getBean(AbstractBeanFactory.java:200) ~[spring-beans-6.1.8.jar:6.1.8]
	at org.springframework.beans.factory.config.DependencyDescriptor.resolveCandidate(DependencyDescriptor.java:254) ~[spring-beans-6.1.8.jar:6.1.8]
	at org.springframework.beans.factory.support.DefaultListableBeanFactory.doResolveDependency(DefaultListableBeanFactory.java:1443) ~[spring-beans-6.1.8.jar:6.1.8]
	at org.springframework.beans.factory.support.DefaultListableBeanFactory.resolveDependency(DefaultListableBeanFactory.java:1353) ~[spring-beans-6.1.8.jar:6.1.8]
	at org.springframework.beans.factory.support.ConstructorResolver.resolveAutowiredArgument(ConstructorResolver.java:904) ~[spring-beans-6.1.8.jar:6.1.8]
	at org.springframework.beans.factory.support.ConstructorResolver.createArgumentArray(ConstructorResolver.java:782) ~[spring-beans-6.1.8.jar:6.1.8]
	... 97 common frames omitted
Caused by: java.lang.IllegalArgumentException: Could not resolve placeholder 'authorization.jwt.secret' in value "${authorization.jwt.secret}"
	at org.springframework.util.PropertyPlaceholderHelper.parseStringValue(PropertyPlaceholderHelper.java:180) ~[spring-core-6.1.8.jar:6.1.8]
	at org.springframework.util.PropertyPlaceholderHelper.replacePlaceholders(PropertyPlaceholderHelper.java:126) ~[spring-core-6.1.8.jar:6.1.8]
	at org.springframework.core.env.AbstractPropertyResolver.doResolvePlaceholders(AbstractPropertyResolver.java:239) ~[spring-core-6.1.8.jar:6.1.8]
	at org.springframework.core.env.AbstractPropertyResolver.resolveRequiredPlaceholders(AbstractPropertyResolver.java:210) ~[spring-core-6.1.8.jar:6.1.8]
	at org.springframework.context.support.PropertySourcesPlaceholderConfigurer.lambda$processProperties$0(PropertySourcesPlaceholderConfigurer.java:200) ~[spring-context-6.1.8.jar:6.1.8]
	at org.springframework.beans.factory.support.AbstractBeanFactory.resolveEmbeddedValue(AbstractBeanFactory.java:964) ~[spring-beans-6.1.8.jar:6.1.8]
	at org.springframework.beans.factory.support.DefaultListableBeanFactory.doResolveDependency(DefaultListableBeanFactory.java:1374) ~[spring-beans-6.1.8.jar:6.1.8]
	at org.springframework.beans.factory.support.DefaultListableBeanFactory.resolveDependency(DefaultListableBeanFactory.java:1353) ~[spring-beans-6.1.8.jar:6.1.8]
	at org.springframework.beans.factory.annotation.AutowiredAnnotationBeanPostProcessor$AutowiredFieldElement.resolveFieldValue(AutowiredAnnotationBeanPostProcessor.java:784) ~[spring-beans-6.1.8.jar:6.1.8]
	at org.springframework.beans.factory.annotation.AutowiredAnnotationBeanPostProcessor$AutowiredFieldElement.inject(AutowiredAnnotationBeanPostProcessor.java:767) ~[spring-beans-6.1.8.jar:6.1.8]
	at org.springframework.beans.factory.annotation.InjectionMetadata.inject(InjectionMetadata.java:145) ~[spring-beans-6.1.8.jar:6.1.8]
	at org.springframework.beans.factory.annotation.AutowiredAnnotationBeanPostProcessor.postProcessProperties(AutowiredAnnotationBeanPostProcessor.java:508) ~[spring-beans-6.1.8.jar:6.1.8]
	... 109 common frames omitted

]]></system-out>
    <system-err><![CDATA[


============================
CONDITIONS EVALUATION REPORT
============================


Positive matches:
-----------------

    None


Negative matches:
-----------------

    None


Exclusions:
-----------

    None


Unconditional classes:
----------------------

    None



]]></system-err>
  </testcase>
</testsuite>